14:14:08.126 [TestNG] INFO  Resources.base - Post Headline Inserted
14:14:08.563 [TestNG] INFO  Resources.base - Sub  Headline Inserted
14:14:10.191 [TestNG] INFO  Resources.base - choice for link  is :11
14:14:10.509 [TestNG] INFO  Resources.base - Youtube Submit button clicked
14:14:12.855 [TestNG] INFO  Resources.base -  Post description is inserted 
14:14:12.998 [TestNG] INFO  Resources.base - tag is inserted 
14:14:15.236 [TestNG] INFO  Resources.base - Submit Button clicked 
14:14:16.021 [TestNG] INFO  Resources.base - close dialog button clicked 
14:14:17.826 [TestNG] INFO  Resources.base - Post Headline Matched
14:14:17.886 [TestNG] INFO  Resources.base - Post description Matched
14:14:17.920 [TestNG] INFO  Resources.base - Post Category Matched
14:14:17.957 [TestNG] INFO  Resources.base - Post Updated On Date is matched 
14:14:17.960 [TestNG] INFO  Resources.base - Initiating Method :' EditDraft '
14:14:17.988 [TestNG] INFO  Resources.base - User is on My space Page 
14:14:18.608 [TestNG] INFO  Resources.base - First Post headline is : 2021/07/29 14:13:48 This is Content saved after creating the draft which is present is my spaces section of dev build..
14:14:18.661 [TestNG] INFO  Resources.base - First Post Description is : 2021/07/29 14:13:50content changed for draft : this is a post description body, data entered here is
14:14:18.702 [TestNG] INFO  Resources.base - First Post Updated on : 29 July 2021
14:14:20.755 [TestNG] INFO  Resources.base - Post Headline Inserted
14:14:21.080 [TestNG] INFO  Resources.base - Sub  Headline Inserted
14:14:23.004 [TestNG] INFO  Resources.base -  Post description is inserted 
14:14:23.227 [TestNG] INFO  Resources.base - tag is inserted 
14:14:25.411 [TestNG] INFO  Resources.base - Save Draft button clicked
14:14:26.505 [TestNG] INFO  Resources.base - Save message verified
14:14:26.577 [TestNG] INFO  Resources.base - Post creation date matched 
14:14:26.603 [TestNG] INFO  Resources.base - Post description matched 
14:14:26.625 [TestNG] ERROR Resources.base - Error occured while fetching content of draft
java.lang.StringIndexOutOfBoundsException: begin 0, end 120, length 119
	at java.lang.String.checkBoundsBeginEnd(String.java:3734) ~[?:?]
	at java.lang.String.substring(String.java:1903) ~[?:?]
	at encollab.Dummycode.EditDraft(Dummycode.java:862) [test-classes/:?]
	at jdk.internal.reflect.NativeMethodAccessorImpl.invoke0(Native Method) ~[?:?]
	at jdk.internal.reflect.NativeMethodAccessorImpl.invoke(NativeMethodAccessorImpl.java:64) ~[?:?]
	at jdk.internal.reflect.DelegatingMethodAccessorImpl.invoke(DelegatingMethodAccessorImpl.java:43) ~[?:?]
	at java.lang.reflect.Method.invoke(Method.java:564) ~[?:?]
	at org.testng.internal.MethodInvocationHelper.invokeMethod(MethodInvocationHelper.java:80) [testng-6.8.jar:?]
	at org.testng.internal.Invoker.invokeMethod(Invoker.java:714) [testng-6.8.jar:?]
	at org.testng.internal.Invoker.invokeTestMethod(Invoker.java:901) [testng-6.8.jar:?]
	at org.testng.internal.Invoker.invokeTestMethods(Invoker.java:1231) [testng-6.8.jar:?]
	at org.testng.internal.TestMethodWorker.invokeTestMethods(TestMethodWorker.java:127) [testng-6.8.jar:?]
	at org.testng.internal.TestMethodWorker.run(TestMethodWorker.java:111) [testng-6.8.jar:?]
	at org.testng.TestRunner.privateRun(TestRunner.java:767) [testng-6.8.jar:?]
	at org.testng.TestRunner.run(TestRunner.java:617) [testng-6.8.jar:?]
	at org.testng.SuiteRunner.runTest(SuiteRunner.java:334) [testng-6.8.jar:?]
	at org.testng.SuiteRunner.access$000(SuiteRunner.java:37) [testng-6.8.jar:?]
	at org.testng.SuiteRunner$SuiteWorker.run(SuiteRunner.java:368) [testng-6.8.jar:?]
	at org.testng.internal.thread.ThreadUtil$2.call(ThreadUtil.java:64) [testng-6.8.jar:?]
	at java.util.concurrent.FutureTask.run(FutureTask.java:264) [?:?]
	at java.util.concurrent.ThreadPoolExecutor.runWorker(ThreadPoolExecutor.java:1130) [?:?]
	at java.util.concurrent.ThreadPoolExecutor$Worker.run(ThreadPoolExecutor.java:630) [?:?]
	at java.lang.Thread.run(Thread.java:832) [?:?]
14:14:26.629 [TestNG] INFO  Resources.base - Initiating Method :' DeclineDraft '
14:14:26.639 [TestNG] INFO  Resources.base - User is on My space Page 
14:14:28.633 [TestNG] INFO  Resources.base - closing browser
14:16:57.749 [TestNG] INFO  Resources.base - Intiating Method :' loginPageTestCredentials : with correct user credentials '
14:17:03.088 [TestNG] INFO  Resources.base - Driver is initialized
14:17:03.088 [TestNG] INFO  Resources.base - Driver is initialized
14:17:03.282 [TestNG] INFO  Resources.base - Driver is initialized
14:17:03.526 [TestNG] INFO  Resources.base - Window is maximised
14:17:03.803 [TestNG] INFO  Resources.base - Window is maximised
14:17:03.852 [TestNG] INFO  Resources.base - Window is maximised
14:17:03.893 [TestNG] INFO  Resources.base - Driver is initialized
14:17:03.923 [TestNG] INFO  Resources.base - Driver is initialized
14:17:04.057 [TestNG] INFO  Resources.base - Window is maximised
14:17:04.482 [TestNG] INFO  Resources.base - Window is maximised
14:17:15.466 [TestNG] INFO  Resources.base - Navigated to Url 
14:17:20.911 [TestNG] INFO  Resources.base - Navigated to Url 
14:17:20.919 [TestNG] INFO  Resources.base - Driver For MyProfile Page is initialized
14:17:21.907 [TestNG] INFO  Resources.base - Navigated to Url 
14:17:23.362 [TestNG] INFO  Resources.base - Entered Username
14:17:23.696 [TestNG] INFO  Resources.base - Entered Password
14:17:23.868 [TestNG] INFO  Resources.base - Clicked on Login Button
14:17:24.559 [TestNG] INFO  Resources.base - Initiating Method :' PostApprove '
14:17:24.588 [TestNG] INFO  Resources.base - Entered Username
14:17:24.857 [TestNG] INFO  Resources.base - Entered Password
14:17:24.981 [TestNG] INFO  Resources.base - Navigated to Url 
14:17:24.990 [TestNG] INFO  Resources.base - Driver For MyProfile Page is initialized
14:17:25.324 [TestNG] INFO  Resources.base - Clicked on Login Button
14:17:25.373 [TestNG] INFO  Resources.base - Entered Username
14:17:25.390 [TestNG] INFO  Resources.base - Entered Username
14:17:25.652 [TestNG] INFO  Resources.base - Entered Password
14:17:25.709 [TestNG] INFO  Resources.base - Entered Password
14:17:25.982 [TestNG] INFO  Resources.base - Clicked on Login Button
14:17:25.984 [TestNG] INFO  Resources.base - Initiating Method :' validateNewUser '
14:17:26.063 [TestNG] INFO  Resources.base - Clicked on Login Button
14:17:26.249 [TestNG] INFO  Resources.base - Navigated to Url 
14:17:26.255 [TestNG] INFO  Resources.base - Driver For Login Page is initialized
14:17:26.255 [TestNG] INFO  Resources.base - Dataset choice has been fetched
14:17:26.671 [TestNG] INFO  Resources.base - Username entered as  automation
14:17:27.219 [TestNG] INFO  Resources.base - password  entered as  automation
14:17:27.469 [TestNG] INFO  Resources.base - Clicked on login
14:17:28.131 [TestNG] INFO  Resources.base - Navigated to correct url ie. https://dev-adityabirla.emcollab.com/#/hub
14:17:29.757 [TestNG] INFO  Resources.base - Initiating Method :' CreateConnectHubDraft '
14:17:30.326 [TestNG] INFO  Resources.base - clicked on checkbox
14:17:30.578 [TestNG] INFO  Resources.base - clicked on Agree button 
14:17:30.579 [TestNG] INFO  Resources.base - Entered complete Profile Page
14:17:30.680 [TestNG] INFO  Resources.base - clicked on MyProfile Logo
14:17:32.304 [TestNG] INFO  Resources.base - Intiating Method :' loginPageTestCredentials: with correct UserName & wrong Password '
14:17:32.600 [TestNG] INFO  Resources.base - Clicked on MyProfile button
14:17:32.662 [TestNG] INFO  Resources.base - clicked on Connect Hub Button
14:17:35.259 [TestNG] INFO  Resources.base - Clicked on create post button
14:17:35.611 [TestNG] INFO  Resources.base - Driver is initialized
14:17:35.738 [TestNG] INFO  Resources.base - Fetching MyProfilePage
14:17:35.741 [TestNG] INFO  Resources.base - Intiating Method :' updateContactInfo '
14:17:35.815 [TestNG] INFO  Resources.base - First name has been entered
14:17:35.828 [TestNG] INFO  Resources.base - Selecting country code at option number :98
14:17:35.870 [TestNG] INFO  Resources.base - Window is maximised
14:17:36.960 [TestNG] INFO  Resources.base - Last name has been entered
14:17:37.191 [TestNG] INFO  Resources.base - Clicked on female radio button
14:17:38.356 [TestNG] INFO  Resources.base - Clicked on female radio button
14:17:38.415 [TestNG] INFO  Resources.base - Email field is non-editable
14:17:40.202 [TestNG] INFO  Resources.base - For Calender Year and Month are choosen
14:17:40.647 [TestNG] INFO  Resources.base - Post Headline Inserted
14:17:40.818 [TestNG] INFO  Resources.base - For Calender date is choosen
14:17:40.819 [TestNG] INFO  Resources.base - Selecting organisation at option number :5
14:17:41.850 [TestNG] INFO  Resources.base - Organisation name clicked
14:17:41.850 [TestNG] INFO  Resources.base - Selecting Job Function at option number :0
14:17:42.579 [TestNG] INFO  Resources.base -  Country code for India Selected 
14:17:43.351 [TestNG] INFO  Resources.base - Sub  Headline Inserted
14:17:44.822 [TestNG] INFO  Resources.base - Entered Username
14:17:45.055 [TestNG] INFO  Resources.base - Entered Password
14:17:45.250 [TestNG] INFO  Resources.base - Clicked on Login Button
14:17:45.457 [TestNG] INFO  Resources.base -  Country as : 'India ' is selected 
14:17:45.489 [TestNG] INFO  Resources.base -  Post description is inserted 
14:17:46.059 [TestNG] INFO  Resources.base - Mobile Number is Updated as: ' 2715603975  '
14:17:46.157 [TestNG] INFO  Resources.base - Navigated to Url 
14:17:46.161 [TestNG] INFO  Resources.base - Driver For Login Page is initialized
14:17:46.161 [TestNG] INFO  Resources.base - Dataset choice has been fetched
14:17:46.379 [TestNG] INFO  Resources.base - tag is inserted 
14:17:48.262 [TestNG] INFO  Resources.base - toast Message Verified
14:17:48.267 [TestNG] INFO  Resources.base - Intiating Method :' updateGender '
14:17:48.499 [TestNG] INFO  Resources.base - Clicked on female radio button
14:17:49.101 [TestNG] INFO  Resources.base -  'Uttar Pradesh' as a state is selected
14:17:49.550 [TestNG] INFO  Resources.base - Username entered as  automation
14:17:49.908 [TestNG] INFO  Resources.base - Save Draft button clicked
14:17:49.984 [TestNG] INFO  Resources.base - toast Message Verified
14:17:49.997 [TestNG] INFO  Resources.base - password  entered as  1234567
14:17:50.117 [TestNG] INFO  Resources.base - Selecting city at option number :580
14:17:50.254 [TestNG] INFO  Resources.base - Clicked on login
14:17:50.956 [TestNG] INFO  Resources.base - Clicked on Male radio button
14:17:51.333 [TestNG] INFO  Resources.base - Admin control button clicked 
14:17:51.354 [TestNG] INFO  Resources.base - Navigated to correct url ie. https://dev-adityabirla.emcollab.com/#
14:17:51.355 [TestNG] INFO  Resources.base - Error Message matched 
14:17:51.357 [TestNG] INFO  Resources.base - Toast message Verified
14:17:51.533 [TestNG] INFO  Resources.base - toast Message Verified
14:17:52.044 [TestNG] INFO  Resources.base - Intiating Method :' updateJobFunction '
14:17:52.045 [TestNG] INFO  Resources.base - Selecting Job Function at option number :0
14:17:52.181 [TestNG] INFO  Resources.base - Post Description matched
14:17:52.235 [TestNG] INFO  Resources.base - Post udate On data matched
14:17:52.286 [TestNG] ERROR Resources.base - Error occured while fetching content of draft
java.lang.StringIndexOutOfBoundsException: begin 0, end 120, length 119
	at java.lang.String.checkBoundsBeginEnd(String.java:3734) ~[?:?]
	at java.lang.String.substring(String.java:1903) ~[?:?]
	at encollab.CreatePost.CreateConnectHubDraft(CreatePost.java:481) [test-classes/:?]
	at jdk.internal.reflect.NativeMethodAccessorImpl.invoke0(Native Method) ~[?:?]
	at jdk.internal.reflect.NativeMethodAccessorImpl.invoke(NativeMethodAccessorImpl.java:64) ~[?:?]
	at jdk.internal.reflect.DelegatingMethodAccessorImpl.invoke(DelegatingMethodAccessorImpl.java:43) ~[?:?]
	at java.lang.reflect.Method.invoke(Method.java:564) ~[?:?]
	at org.testng.internal.MethodInvocationHelper.invokeMethod(MethodInvocationHelper.java:80) [testng-6.8.jar:?]
	at org.testng.internal.Invoker.invokeMethod(Invoker.java:714) [testng-6.8.jar:?]
	at org.testng.internal.Invoker.invokeTestMethod(Invoker.java:901) [testng-6.8.jar:?]
	at org.testng.internal.Invoker.invokeTestMethods(Invoker.java:1231) [testng-6.8.jar:?]
	at org.testng.internal.TestMethodWorker.invokeTestMethods(TestMethodWorker.java:127) [testng-6.8.jar:?]
	at org.testng.internal.TestMethodWorker.run(TestMethodWorker.java:111) [testng-6.8.jar:?]
	at org.testng.TestRunner.privateRun(TestRunner.java:767) [testng-6.8.jar:?]
	at org.testng.TestRunner.run(TestRunner.java:617) [testng-6.8.jar:?]
	at org.testng.SuiteRunner.runTest(SuiteRunner.java:334) [testng-6.8.jar:?]
	at org.testng.SuiteRunner.access$000(SuiteRunner.java:37) [testng-6.8.jar:?]
	at org.testng.SuiteRunner$SuiteWorker.run(SuiteRunner.java:368) [testng-6.8.jar:?]
	at org.testng.internal.thread.ThreadUtil$2.call(ThreadUtil.java:64) [testng-6.8.jar:?]
	at java.util.concurrent.FutureTask.run(FutureTask.java:264) [?:?]
	at java.util.concurrent.ThreadPoolExecutor.runWorker(ThreadPoolExecutor.java:1130) [?:?]
	at java.util.concurrent.ThreadPoolExecutor$Worker.run(ThreadPoolExecutor.java:630) [?:?]
	at java.lang.Thread.run(Thread.java:832) [?:?]
14:17:52.319 [TestNG] INFO  Resources.base - Initiating Method :' CreateLearningDraft '
14:17:53.528 [TestNG] INFO  Resources.base - Intiating Method :' loginPageTestCredentials: with wrong UserName & correct Password '
14:17:56.829 [TestNG] INFO  Resources.base - Driver is initialized
14:17:57.125 [TestNG] INFO  Resources.base - Window is maximised
14:17:57.893 [TestNG] INFO  Resources.base - Intiating Method :' updateLocation '
14:18:00.384 [TestNG] INFO  Resources.base - Post Headline Inserted
14:18:01.275 [TestNG] INFO  Resources.base -  City as : ' Sakhanu ' is selected
14:18:01.276 [TestNG] INFO  Resources.base - Selecting country code at option number :98
14:18:01.746 [TestNG] INFO  Resources.base -  Country as : 'India ' is seleceted 
14:18:02.633 [TestNG] INFO  Resources.base - Automation User
14:18:02.667 [TestNG] INFO  Resources.base - Sub  Headline Inserted
14:18:04.323 [TestNG] INFO  Resources.base - Post approve  message verified
14:18:04.448 [TestNG] INFO  Resources.base -  'Uttar Pradesh' as a state is selected
14:18:04.646 [TestNG] INFO  Resources.base - clicked on approved button 
14:18:04.698 [TestNG] INFO  Resources.base -  Country code for India Selected 
14:18:04.863 [TestNG] INFO  Resources.base -  Post description is inserted 
14:18:05.305 [TestNG] INFO  Resources.base - tag is inserted 
14:18:05.462 [TestNG] INFO  Resources.base - Selecting city at option number :607
14:18:06.208 [TestNG] INFO  Resources.base - data matched after approving the post
14:18:06.213 [TestNG] INFO  Resources.base - Initiating Method :' PostDecline '
14:18:06.583 [TestNG] INFO  Resources.base - Mobile Number is Updated as: ' 2502186871  '
14:18:07.410 [TestNG] INFO  Resources.base - Admin control button clicked 
14:18:07.628 [TestNG] INFO  Resources.base - My Healine message entered
14:18:08.736 [TestNG] INFO  Resources.base - Save Draft button clicked
14:18:08.917 [TestNG] INFO  Resources.base - Navigated to Url 
14:18:08.920 [TestNG] INFO  Resources.base - Driver For Login Page is initialized
14:18:08.920 [TestNG] INFO  Resources.base - Dataset choice has been fetched
14:18:09.308 [TestNG] INFO  Resources.base - Username entered as  hs001
14:18:09.472 [TestNG] INFO  Resources.base - Automation User
14:18:09.657 [TestNG] INFO  Resources.base - password  entered as  automation
14:18:09.975 [TestNG] INFO  Resources.base - Post Description matched
14:18:10.022 [TestNG] INFO  Resources.base - Clicked on login
14:18:10.075 [TestNG] INFO  Resources.base - Post udate On data matched
14:18:10.186 [TestNG] ERROR Resources.base - Error occured while fetching content of draft
java.lang.StringIndexOutOfBoundsException: begin 0, end 120, length 119
	at java.lang.String.checkBoundsBeginEnd(String.java:3734) ~[?:?]
	at java.lang.String.substring(String.java:1903) ~[?:?]
	at encollab.CreatePost.CreateLearningDraft(CreatePost.java:167) [test-classes/:?]
	at jdk.internal.reflect.NativeMethodAccessorImpl.invoke0(Native Method) ~[?:?]
	at jdk.internal.reflect.NativeMethodAccessorImpl.invoke(NativeMethodAccessorImpl.java:64) ~[?:?]
	at jdk.internal.reflect.DelegatingMethodAccessorImpl.invoke(DelegatingMethodAccessorImpl.java:43) ~[?:?]
	at java.lang.reflect.Method.invoke(Method.java:564) ~[?:?]
	at org.testng.internal.MethodInvocationHelper.invokeMethod(MethodInvocationHelper.java:80) [testng-6.8.jar:?]
	at org.testng.internal.Invoker.invokeMethod(Invoker.java:714) [testng-6.8.jar:?]
	at org.testng.internal.Invoker.invokeTestMethod(Invoker.java:901) [testng-6.8.jar:?]
	at org.testng.internal.Invoker.invokeTestMethods(Invoker.java:1231) [testng-6.8.jar:?]
	at org.testng.internal.TestMethodWorker.invokeTestMethods(TestMethodWorker.java:127) [testng-6.8.jar:?]
	at org.testng.internal.TestMethodWorker.run(TestMethodWorker.java:111) [testng-6.8.jar:?]
	at org.testng.TestRunner.privateRun(TestRunner.java:767) [testng-6.8.jar:?]
	at org.testng.TestRunner.run(TestRunner.java:617) [testng-6.8.jar:?]
	at org.testng.SuiteRunner.runTest(SuiteRunner.java:334) [testng-6.8.jar:?]
	at org.testng.SuiteRunner.access$000(SuiteRunner.java:37) [testng-6.8.jar:?]
	at org.testng.SuiteRunner$SuiteWorker.run(SuiteRunner.java:368) [testng-6.8.jar:?]
	at org.testng.internal.thread.ThreadUtil$2.call(ThreadUtil.java:64) [testng-6.8.jar:?]
	at java.util.concurrent.FutureTask.run(FutureTask.java:264) [?:?]
	at java.util.concurrent.ThreadPoolExecutor.runWorker(ThreadPoolExecutor.java:1130) [?:?]
	at java.util.concurrent.ThreadPoolExecutor$Worker.run(ThreadPoolExecutor.java:630) [?:?]
	at java.lang.Thread.run(Thread.java:832) [?:?]
14:18:10.202 [TestNG] INFO  Resources.base - Initiating Method :' CreateConnectPostwithYoutubeLink '
14:18:11.090 [TestNG] INFO  Resources.base - Navigated to correct url ie. https://dev-adityabirla.emcollab.com/#
14:18:11.090 [TestNG] INFO  Resources.base - Error Message matched 
14:18:11.091 [TestNG] INFO  Resources.base - Toast message Verified
14:18:11.466 [TestNG] INFO  Resources.base - clicked on Connect Hub Button
14:18:13.277 [TestNG] INFO  Resources.base - Intiating Method :' loginPageTestCredentials: with wrong UserName & wrong Password '
14:18:14.005 [TestNG] INFO  Resources.base - toast Message Verified
14:18:15.035 [TestNG] INFO  Resources.base -  City as : ' Shahjahanpur ' is selected
14:18:15.387 [TestNG] INFO  Resources.base - Clicked on create post button
14:18:16.690 [TestNG] INFO  Resources.base - Driver is initialized
14:18:17.030 [TestNG] INFO  Resources.base - Window is maximised
14:18:17.388 [TestNG] INFO  Resources.base - Tour Exited
14:18:18.034 [TestNG] INFO  Resources.base - toast Message Verified
14:18:18.539 [TestNG] INFO  Resources.base - Intiating Method :' updateOrganization '
14:18:18.540 [TestNG] INFO  Resources.base - Selecting organnisation at option number :5
14:18:18.609 [TestNG] INFO  Resources.base - Post approve  message verified
14:18:18.654 [TestNG] INFO  Resources.base - clicked on MyProfile Logo
14:18:19.120 [TestNG] INFO  Resources.base - clicked on Logout Button
14:18:19.163 [TestNG] INFO  Resources.base - Login Url matches after Logout 
14:18:19.773 [TestNG] INFO  Resources.base - Post Headline Inserted
14:18:21.737 [TestNG] INFO  Resources.base - Sub  Headline Inserted
14:18:22.006 [TestNG] INFO  Resources.base - toast Message Verified
14:18:22.006 [TestNG] INFO  Resources.base - Orgnisation name clicked
14:18:22.512 [TestNG] INFO  Resources.base - Intiating Method :' updateUsername with user name of 90 charecters '
14:18:22.516 [TestNG] INFO  Resources.base - Dataset choice has been fetched
14:18:23.672 [TestNG] INFO  Resources.base - choice for link  is :12
14:18:26.248 [TestNG] INFO  Resources.base - First name has been entered
14:18:28.038 [TestNG] INFO  Resources.base -  Post description is inserted 
14:18:28.829 [TestNG] INFO  Resources.base - Entered Username
14:18:29.243 [TestNG] INFO  Resources.base - Entered Password
14:18:29.261 [TestNG] INFO  Resources.base - tag is inserted 
14:18:29.515 [TestNG] INFO  Resources.base - closing browser
14:18:29.625 [TestNG] INFO  Resources.base - Clicked on Login Button
14:18:29.974 [TestNG] INFO  Resources.base - Last name has been entered
14:18:30.238 [TestNG] INFO  Resources.base - Navigated to Url 
14:18:30.241 [TestNG] INFO  Resources.base - Driver For Login Page is initialized
14:18:30.242 [TestNG] INFO  Resources.base - Dataset choice has been fetched
14:18:30.641 [TestNG] INFO  Resources.base - Username entered as  hs001
14:18:31.136 [TestNG] INFO  Resources.base - password  entered as  1234567
14:18:31.367 [TestNG] INFO  Resources.base - Clicked on login
14:18:31.875 [TestNG] INFO  Resources.base - Submit Button clicked 
14:18:32.543 [TestNG] INFO  Resources.base - toast Message Verified
14:18:32.543 [TestNG] INFO  Resources.base - Save Button has been clicked 
14:18:32.547 [TestNG] INFO  Resources.base - Intiating Method :' updateUsername with user name of >90 charecters '
14:18:32.549 [TestNG] INFO  Resources.base - Dataset choice has been fetched
14:18:33.305 [TestNG] INFO  Resources.base - close dialog button clicked 
14:18:35.721 [TestNG] INFO  Resources.base - First name has been entered as:HarryHarryHarryHarryHarryHarryHarryHarryHarryHarryHarryHarryHarryHarryHarryHarryHarryHarryHarry
14:18:35.986 [TestNG] INFO  Resources.base - Navigated to correct url ie. https://dev-adityabirla.emcollab.com/#
14:18:35.987 [TestNG] INFO  Resources.base - Error Message matched 
14:18:35.987 [TestNG] INFO  Resources.base - Toast message Verified
14:18:37.176 [TestNG] INFO  Resources.base - Post Headline Matched
14:18:37.236 [TestNG] INFO  Resources.base - Post description Matched
14:18:37.274 [TestNG] INFO  Resources.base - Post Category Matched
14:18:37.310 [TestNG] INFO  Resources.base - Post Updated On Date is matched 
14:18:37.315 [TestNG] INFO  Resources.base - Initiating Method :' CreatelearningPostwithYoutubeLink '
14:18:38.413 [TestNG] INFO  Resources.base - Last name has been entered as:SahaniSahaniSahaniSahaniSahaniSahaniSahaniSahaniSahaniSahaniSahaniSahaniSahaniSahaniSahaniSahani
14:18:38.561 [TestNG] INFO  Resources.base - Save Button is disabled 
14:18:40.311 [TestNG] INFO  Resources.base - Post Headline Inserted
14:18:40.708 [TestNG] INFO  Resources.base - toast Message Verified
14:18:40.708 [TestNG] INFO  Resources.base - Save Button has been clicked 
14:18:40.714 [TestNG] INFO  Resources.base - Intiating Method :' updateUsername with null charecters '
14:18:40.714 [TestNG] INFO  Resources.base - Dataset choice has been fetched
14:18:41.241 [TestNG] ERROR Resources.base - Error Occurred while Submitting a respone for Declining a post 
14:18:42.093 [TestNG] INFO  Resources.base - Sub  Headline Inserted
14:18:42.159 [TestNG] INFO  Resources.base - closing browser
14:18:42.436 [TestNG] INFO  Resources.base - First name has been entered as:
14:18:42.556 [TestNG] INFO  Resources.base - Last name has been entered as:
14:18:42.636 [TestNG] INFO  Resources.base - Save Button is disabled 
14:18:43.097 [TestNG] INFO  Resources.base - toast Message Verified
14:18:43.097 [TestNG] INFO  Resources.base - Save Button has been clicked 
14:18:43.101 [TestNG] INFO  Resources.base - Intiating Method :' updateUsername with special case charecters charecters '
14:18:43.101 [TestNG] INFO  Resources.base - Dataset choice has been fetched
14:18:43.808 [TestNG] INFO  Resources.base - choice for link  is :4
14:18:44.479 [TestNG] INFO  Resources.base - Youtube Submit button clicked
14:18:44.563 [TestNG] INFO  Resources.base - First name has been entered as:@#$%^
14:18:44.788 [TestNG] INFO  Resources.base - Last name has been entered as:@#$%^
14:18:44.919 [TestNG] INFO  Resources.base - Save Button is disabled 
14:18:44.920 [TestNG] INFO  Resources.base - FirstName and Last name do not support special charecters in respective fields
14:18:45.375 [TestNG] INFO  Resources.base - toast Message Verified
14:18:45.375 [TestNG] INFO  Resources.base - Save Button has been clicked 
14:18:45.377 [TestNG] INFO  Resources.base - Intiating Method :' updateWelcomeMessage '
14:18:46.935 [TestNG] INFO  Resources.base -  Post description is inserted 
14:18:47.102 [TestNG] INFO  Resources.base - tag is inserted 
14:18:47.782 [TestNG] INFO  Resources.base - toast Message Verified
14:18:47.782 [TestNG] INFO  Resources.base - My Healine message entered
14:18:48.931 [TestNG] INFO  Resources.base - toast Message Verified
14:18:49.329 [TestNG] INFO  Resources.base - Submit Button clicked 
14:18:49.935 [TestNG] INFO  Resources.base - Intiating Method :' validateCalender '
14:18:50.323 [TestNG] INFO  Resources.base - close dialog button clicked 
14:18:51.867 [TestNG] INFO  Resources.base - For Calender Year and Month are choosen
14:18:52.228 [TestNG] INFO  Resources.base - For Calender date is choosen
14:18:52.372 [TestNG] INFO  Resources.base - toast Message Verified
14:18:52.375 [TestNG] INFO  Resources.base - Intiating Method :' validateEmailField '
14:18:52.455 [TestNG] INFO  Resources.base - Post Headline Matched
14:18:52.495 [TestNG] INFO  Resources.base - Post description Matched
14:18:52.518 [TestNG] INFO  Resources.base - Email field is non-editable
14:18:52.700 [TestNG] INFO  Resources.base - Post Category Matched
14:18:52.709 [TestNG] INFO  Resources.base - closing browser
14:18:52.876 [TestNG] INFO  Resources.base - Post Updated On Date is matched 
14:18:52.880 [TestNG] INFO  Resources.base - Initiating Method :' EditDraft '
14:18:52.896 [TestNG] INFO  Resources.base - User is on My space Page 
14:18:53.523 [TestNG] INFO  Resources.base - First Post headline is : 2021/07/29 14:17:57 This is Content saved after creating the draft which is present is my spaces section of dev build..
14:18:53.628 [TestNG] INFO  Resources.base - First Post Description is : 2021/07/29 14:18:03content changed for draft : this is a post description body, data entered here is
14:18:53.660 [TestNG] INFO  Resources.base - First Post Updated on : 29 July 2021
14:18:55.983 [TestNG] INFO  Resources.base - Post Headline Inserted
14:18:56.386 [TestNG] INFO  Resources.base - Sub  Headline Inserted
14:18:58.341 [TestNG] INFO  Resources.base -  Post description is inserted 
14:18:58.527 [TestNG] INFO  Resources.base - tag is inserted 
14:19:00.706 [TestNG] INFO  Resources.base - Save Draft button clicked
14:19:01.788 [TestNG] INFO  Resources.base - Save message verified
14:19:01.869 [TestNG] INFO  Resources.base - Post creation date matched 
14:19:01.892 [TestNG] INFO  Resources.base - Post description matched 
14:19:01.920 [TestNG] ERROR Resources.base - Error occured while fetching content of draft
java.lang.StringIndexOutOfBoundsException: begin 0, end 120, length 119
	at java.lang.String.checkBoundsBeginEnd(String.java:3734) ~[?:?]
	at java.lang.String.substring(String.java:1903) ~[?:?]
	at encollab.CreatePost.EditDraft(CreatePost.java:860) [test-classes/:?]
	at jdk.internal.reflect.NativeMethodAccessorImpl.invoke0(Native Method) ~[?:?]
	at jdk.internal.reflect.NativeMethodAccessorImpl.invoke(NativeMethodAccessorImpl.java:64) ~[?:?]
	at jdk.internal.reflect.DelegatingMethodAccessorImpl.invoke(DelegatingMethodAccessorImpl.java:43) ~[?:?]
	at java.lang.reflect.Method.invoke(Method.java:564) ~[?:?]
	at org.testng.internal.MethodInvocationHelper.invokeMethod(MethodInvocationHelper.java:80) [testng-6.8.jar:?]
	at org.testng.internal.Invoker.invokeMethod(Invoker.java:714) [testng-6.8.jar:?]
	at org.testng.internal.Invoker.invokeTestMethod(Invoker.java:901) [testng-6.8.jar:?]
	at org.testng.internal.Invoker.invokeTestMethods(Invoker.java:1231) [testng-6.8.jar:?]
	at org.testng.internal.TestMethodWorker.invokeTestMethods(TestMethodWorker.java:127) [testng-6.8.jar:?]
	at org.testng.internal.TestMethodWorker.run(TestMethodWorker.java:111) [testng-6.8.jar:?]
	at org.testng.TestRunner.privateRun(TestRunner.java:767) [testng-6.8.jar:?]
	at org.testng.TestRunner.run(TestRunner.java:617) [testng-6.8.jar:?]
	at org.testng.SuiteRunner.runTest(SuiteRunner.java:334) [testng-6.8.jar:?]
	at org.testng.SuiteRunner.access$000(SuiteRunner.java:37) [testng-6.8.jar:?]
	at org.testng.SuiteRunner$SuiteWorker.run(SuiteRunner.java:368) [testng-6.8.jar:?]
	at org.testng.internal.thread.ThreadUtil$2.call(ThreadUtil.java:64) [testng-6.8.jar:?]
	at java.util.concurrent.FutureTask.run(FutureTask.java:264) [?:?]
	at java.util.concurrent.ThreadPoolExecutor.runWorker(ThreadPoolExecutor.java:1130) [?:?]
	at java.util.concurrent.ThreadPoolExecutor$Worker.run(ThreadPoolExecutor.java:630) [?:?]
	at java.lang.Thread.run(Thread.java:832) [?:?]
14:19:01.922 [TestNG] INFO  Resources.base - Initiating Method :' DeclineDraft '
14:19:01.929 [TestNG] INFO  Resources.base - User is on My space Page 
14:19:03.952 [TestNG] INFO  Resources.base - closing browser
14:21:39.224 [TestNG] INFO  Resources.base - Driver is initialized
14:21:39.370 [TestNG] INFO  Resources.base - Window is maximised
14:21:44.652 [TestNG] INFO  Resources.base - Navigated to Url 
14:21:44.848 [TestNG] INFO  Resources.base - Entered Username
14:21:44.966 [TestNG] INFO  Resources.base - Entered Password
14:21:45.049 [TestNG] INFO  Resources.base - Clicked on Login Button
14:21:46.537 [TestNG] INFO  Resources.base - Initiating Method :' CreateConnectHubDraft '
14:21:46.774 [TestNG] INFO  Resources.base - clicked on Connect Hub Button
14:21:48.436 [TestNG] INFO  Resources.base - Clicked on create post button
14:21:49.756 [TestNG] INFO  Resources.base - Post Headline Inserted
14:21:50.363 [TestNG] INFO  Resources.base - Sub  Headline Inserted
14:21:51.846 [TestNG] INFO  Resources.base -  Post description is inserted 
14:21:52.047 [TestNG] INFO  Resources.base - tag is inserted 
14:21:55.259 [TestNG] INFO  Resources.base - Save Draft button clicked
14:21:55.505 [TestNG] INFO  Resources.base - Post Description matched
14:21:55.548 [TestNG] INFO  Resources.base - Post udate On data matched
14:21:55.584 [TestNG] ERROR Resources.base - Error occured while fetching content of draft
java.lang.StringIndexOutOfBoundsException: begin 0, end 120, length 119
	at java.lang.String.checkBoundsBeginEnd(String.java:3734) ~[?:?]
	at java.lang.String.substring(String.java:1903) ~[?:?]
	at encollab.Dummycode.CreateConnectHubDraft(Dummycode.java:482) [test-classes/:?]
	at jdk.internal.reflect.NativeMethodAccessorImpl.invoke0(Native Method) ~[?:?]
	at jdk.internal.reflect.NativeMethodAccessorImpl.invoke(NativeMethodAccessorImpl.java:64) ~[?:?]
	at jdk.internal.reflect.DelegatingMethodAccessorImpl.invoke(DelegatingMethodAccessorImpl.java:43) ~[?:?]
	at java.lang.reflect.Method.invoke(Method.java:564) ~[?:?]
	at org.testng.internal.MethodInvocationHelper.invokeMethod(MethodInvocationHelper.java:80) [testng-6.8.jar:?]
	at org.testng.internal.Invoker.invokeMethod(Invoker.java:714) [testng-6.8.jar:?]
	at org.testng.internal.Invoker.invokeTestMethod(Invoker.java:901) [testng-6.8.jar:?]
	at org.testng.internal.Invoker.invokeTestMethods(Invoker.java:1231) [testng-6.8.jar:?]
	at org.testng.internal.TestMethodWorker.invokeTestMethods(TestMethodWorker.java:127) [testng-6.8.jar:?]
	at org.testng.internal.TestMethodWorker.run(TestMethodWorker.java:111) [testng-6.8.jar:?]
	at org.testng.TestRunner.privateRun(TestRunner.java:767) [testng-6.8.jar:?]
	at org.testng.TestRunner.run(TestRunner.java:617) [testng-6.8.jar:?]
	at org.testng.SuiteRunner.runTest(SuiteRunner.java:334) [testng-6.8.jar:?]
	at org.testng.SuiteRunner.access$000(SuiteRunner.java:37) [testng-6.8.jar:?]
	at org.testng.SuiteRunner$SuiteWorker.run(SuiteRunner.java:368) [testng-6.8.jar:?]
	at org.testng.internal.thread.ThreadUtil$2.call(ThreadUtil.java:64) [testng-6.8.jar:?]
	at java.util.concurrent.FutureTask.run(FutureTask.java:264) [?:?]
	at java.util.concurrent.ThreadPoolExecutor.runWorker(ThreadPoolExecutor.java:1130) [?:?]
	at java.util.concurrent.ThreadPoolExecutor$Worker.run(ThreadPoolExecutor.java:630) [?:?]
	at java.lang.Thread.run(Thread.java:832) [?:?]
14:21:55.607 [TestNG] INFO  Resources.base - Initiating Method :' CreateLearningDraft '
14:21:57.088 [TestNG] INFO  Resources.base - Post Headline Inserted
14:21:57.550 [TestNG] INFO  Resources.base - Sub  Headline Inserted
14:21:58.945 [TestNG] INFO  Resources.base -  Post description is inserted 
14:21:59.099 [TestNG] INFO  Resources.base - tag is inserted 
14:22:02.279 [TestNG] INFO  Resources.base - Save Draft button clicked
14:22:02.436 [TestNG] INFO  Resources.base - Post Description matched
14:22:02.466 [TestNG] INFO  Resources.base - Post udate On data matched
14:22:02.491 [TestNG] ERROR Resources.base - Error occured while fetching content of draft
java.lang.StringIndexOutOfBoundsException: begin 0, end 120, length 119
	at java.lang.String.checkBoundsBeginEnd(String.java:3734) ~[?:?]
	at java.lang.String.substring(String.java:1903) ~[?:?]
	at encollab.Dummycode.CreateLearningDraft(Dummycode.java:167) [test-classes/:?]
	at jdk.internal.reflect.NativeMethodAccessorImpl.invoke0(Native Method) ~[?:?]
	at jdk.internal.reflect.NativeMethodAccessorImpl.invoke(NativeMethodAccessorImpl.java:64) ~[?:?]
	at jdk.internal.reflect.DelegatingMethodAccessorImpl.invoke(DelegatingMethodAccessorImpl.java:43) ~[?:?]
	at java.lang.reflect.Method.invoke(Method.java:564) ~[?:?]
	at org.testng.internal.MethodInvocationHelper.invokeMethod(MethodInvocationHelper.java:80) [testng-6.8.jar:?]
	at org.testng.internal.Invoker.invokeMethod(Invoker.java:714) [testng-6.8.jar:?]
	at org.testng.internal.Invoker.invokeTestMethod(Invoker.java:901) [testng-6.8.jar:?]
	at org.testng.internal.Invoker.invokeTestMethods(Invoker.java:1231) [testng-6.8.jar:?]
	at org.testng.internal.TestMethodWorker.invokeTestMethods(TestMethodWorker.java:127) [testng-6.8.jar:?]
	at org.testng.internal.TestMethodWorker.run(TestMethodWorker.java:111) [testng-6.8.jar:?]
	at org.testng.TestRunner.privateRun(TestRunner.java:767) [testng-6.8.jar:?]
	at org.testng.TestRunner.run(TestRunner.java:617) [testng-6.8.jar:?]
	at org.testng.SuiteRunner.runTest(SuiteRunner.java:334) [testng-6.8.jar:?]
	at org.testng.SuiteRunner.access$000(SuiteRunner.java:37) [testng-6.8.jar:?]
	at org.testng.SuiteRunner$SuiteWorker.run(SuiteRunner.java:368) [testng-6.8.jar:?]
	at org.testng.internal.thread.ThreadUtil$2.call(ThreadUtil.java:64) [testng-6.8.jar:?]
	at java.util.concurrent.FutureTask.run(FutureTask.java:264) [?:?]
	at java.util.concurrent.ThreadPoolExecutor.runWorker(ThreadPoolExecutor.java:1130) [?:?]
	at java.util.concurrent.ThreadPoolExecutor$Worker.run(ThreadPoolExecutor.java:630) [?:?]
	at java.lang.Thread.run(Thread.java:832) [?:?]
14:22:02.498 [TestNG] INFO  Resources.base - Initiating Method :' CreateConnectPostwithYoutubeLink '
14:22:02.834 [TestNG] INFO  Resources.base - clicked on Connect Hub Button
14:22:04.627 [TestNG] INFO  Resources.base - Clicked on create post button
14:22:05.358 [TestNG] INFO  Resources.base - Post Headline Inserted
14:22:05.902 [TestNG] INFO  Resources.base - Sub  Headline Inserted
14:22:07.552 [TestNG] INFO  Resources.base - choice for link  is :2
14:22:10.296 [TestNG] INFO  Resources.base -  Post description is inserted 
14:22:10.442 [TestNG] INFO  Resources.base - tag is inserted 
14:22:12.654 [TestNG] INFO  Resources.base - Submit Button clicked 
14:22:13.514 [TestNG] INFO  Resources.base - close dialog button clicked 
14:22:15.464 [TestNG] INFO  Resources.base - Post Headline Matched
14:22:15.501 [TestNG] INFO  Resources.base - Post description Matched
14:22:15.534 [TestNG] INFO  Resources.base - Post Category Matched
14:22:15.562 [TestNG] INFO  Resources.base - Post Updated On Date is matched 
14:22:15.566 [TestNG] INFO  Resources.base - Initiating Method :' CreatelearningPostwithYoutubeLink '
14:22:16.821 [TestNG] INFO  Resources.base - Post Headline Inserted
14:22:17.276 [TestNG] INFO  Resources.base - Sub  Headline Inserted
14:22:18.917 [TestNG] INFO  Resources.base - choice for link  is :13
14:22:19.260 [TestNG] INFO  Resources.base - Youtube Submit button clicked
14:22:21.654 [TestNG] INFO  Resources.base -  Post description is inserted 
14:22:21.798 [TestNG] INFO  Resources.base - tag is inserted 
14:22:24.001 [TestNG] INFO  Resources.base - Submit Button clicked 
14:22:24.784 [TestNG] INFO  Resources.base - close dialog button clicked 
14:22:26.637 [TestNG] INFO  Resources.base - Post Headline Matched
14:22:26.666 [TestNG] INFO  Resources.base - Post description Matched
14:22:26.688 [TestNG] INFO  Resources.base - Post Category Matched
14:22:26.713 [TestNG] INFO  Resources.base - Post Updated On Date is matched 
14:22:26.718 [TestNG] INFO  Resources.base - Initiating Method :' EditDraft '
14:22:26.729 [TestNG] INFO  Resources.base - User is on My space Page 
14:22:27.343 [TestNG] INFO  Resources.base - First Post headline is : 2021/07/29 14:21:56 This is Content saved after creating the draft which is present is my spaces section of dev build..
14:22:27.412 [TestNG] INFO  Resources.base - First Post Description is : 2021/07/29 14:21:58content changed for draft : this is a post description body, data entered here is
14:22:27.455 [TestNG] INFO  Resources.base - First Post Updated on : 29 July 2021
14:22:29.567 [TestNG] INFO  Resources.base - Post Headline Inserted
14:22:29.947 [TestNG] INFO  Resources.base - Sub  Headline Inserted
14:22:31.877 [TestNG] INFO  Resources.base -  Post description is inserted 
14:22:32.074 [TestNG] INFO  Resources.base - tag is inserted 
14:22:34.262 [TestNG] INFO  Resources.base - Save Draft button clicked
14:22:35.354 [TestNG] INFO  Resources.base - Save message verified
14:22:35.422 [TestNG] INFO  Resources.base - Post creation date matched 
14:22:35.444 [TestNG] INFO  Resources.base - Post description matched 
14:22:35.466 [TestNG] ERROR Resources.base - Error occured while fetching content of draft
java.lang.StringIndexOutOfBoundsException: begin 0, end 120, length 119
	at java.lang.String.checkBoundsBeginEnd(String.java:3734) ~[?:?]
	at java.lang.String.substring(String.java:1903) ~[?:?]
	at encollab.Dummycode.EditDraft(Dummycode.java:862) [test-classes/:?]
	at jdk.internal.reflect.NativeMethodAccessorImpl.invoke0(Native Method) ~[?:?]
	at jdk.internal.reflect.NativeMethodAccessorImpl.invoke(NativeMethodAccessorImpl.java:64) ~[?:?]
	at jdk.internal.reflect.DelegatingMethodAccessorImpl.invoke(DelegatingMethodAccessorImpl.java:43) ~[?:?]
	at java.lang.reflect.Method.invoke(Method.java:564) ~[?:?]
	at org.testng.internal.MethodInvocationHelper.invokeMethod(MethodInvocationHelper.java:80) [testng-6.8.jar:?]
	at org.testng.internal.Invoker.invokeMethod(Invoker.java:714) [testng-6.8.jar:?]
	at org.testng.internal.Invoker.invokeTestMethod(Invoker.java:901) [testng-6.8.jar:?]
	at org.testng.internal.Invoker.invokeTestMethods(Invoker.java:1231) [testng-6.8.jar:?]
	at org.testng.internal.TestMethodWorker.invokeTestMethods(TestMethodWorker.java:127) [testng-6.8.jar:?]
	at org.testng.internal.TestMethodWorker.run(TestMethodWorker.java:111) [testng-6.8.jar:?]
	at org.testng.TestRunner.privateRun(TestRunner.java:767) [testng-6.8.jar:?]
	at org.testng.TestRunner.run(TestRunner.java:617) [testng-6.8.jar:?]
	at org.testng.SuiteRunner.runTest(SuiteRunner.java:334) [testng-6.8.jar:?]
	at org.testng.SuiteRunner.access$000(SuiteRunner.java:37) [testng-6.8.jar:?]
	at org.testng.SuiteRunner$SuiteWorker.run(SuiteRunner.java:368) [testng-6.8.jar:?]
	at org.testng.internal.thread.ThreadUtil$2.call(ThreadUtil.java:64) [testng-6.8.jar:?]
	at java.util.concurrent.FutureTask.run(FutureTask.java:264) [?:?]
	at java.util.concurrent.ThreadPoolExecutor.runWorker(ThreadPoolExecutor.java:1130) [?:?]
	at java.util.concurrent.ThreadPoolExecutor$Worker.run(ThreadPoolExecutor.java:630) [?:?]
	at java.lang.Thread.run(Thread.java:832) [?:?]
14:22:35.471 [TestNG] INFO  Resources.base - Initiating Method :' DeclineDraft '
14:22:35.486 [TestNG] INFO  Resources.base - User is on My space Page 
14:22:37.525 [TestNG] INFO  Resources.base - closing browser
14:38:03.007 [TestNG] INFO  Resources.base - Intiating Method :' loginPageTestCredentials : with correct user credentials '
14:38:09.585 [TestNG] INFO  Resources.base - Driver is initialized
14:38:09.585 [TestNG] INFO  Resources.base - Driver is initialized
14:38:09.586 [TestNG] INFO  Resources.base - Driver is initialized
14:38:09.647 [TestNG] INFO  Resources.base - Driver is initialized
14:38:09.748 [TestNG] INFO  Resources.base - Window is maximised
14:38:09.859 [TestNG] INFO  Resources.base - Window is maximised
14:38:09.884 [TestNG] INFO  Resources.base - Driver is initialized
14:38:09.974 [TestNG] INFO  Resources.base - Window is maximised
14:38:10.021 [TestNG] INFO  Resources.base - Window is maximised
14:38:10.281 [TestNG] INFO  Resources.base - Window is maximised
14:38:20.761 [TestNG] INFO  Resources.base - Navigated to Url 
14:38:20.769 [TestNG] INFO  Resources.base - Driver For MyProfile Page is initialized
14:38:27.214 [TestNG] INFO  Resources.base - Navigated to Url 
14:38:27.660 [TestNG] INFO  Resources.base - Navigated to Url 
14:38:27.685 [TestNG] INFO  Resources.base - Driver For Login Page is initialized
14:38:27.686 [TestNG] INFO  Resources.base - Dataset choice has been fetched
14:38:28.174 [TestNG] INFO  Resources.base - Entered Username
14:38:28.328 [TestNG] INFO  Resources.base - Username entered as  automation
14:38:28.507 [TestNG] INFO  Resources.base - Entered Username
14:38:28.707 [TestNG] INFO  Resources.base - Entered Password
14:38:28.832 [TestNG] INFO  Resources.base - Navigated to Url 
14:38:28.847 [TestNG] INFO  Resources.base - Driver For MyProfile Page is initialized
14:38:28.900 [TestNG] INFO  Resources.base - password  entered as  automation
14:38:29.204 [TestNG] INFO  Resources.base - Clicked on Login Button
14:38:29.232 [TestNG] INFO  Resources.base - Entered Password
14:38:29.278 [TestNG] INFO  Resources.base - Clicked on login
14:38:29.410 [TestNG] INFO  Resources.base - Clicked on Login Button
14:38:30.557 [TestNG] INFO  Resources.base - Navigated to Url 
14:38:30.907 [TestNG] INFO  Resources.base - Entered Username
14:38:31.143 [TestNG] INFO  Resources.base - Entered Password
14:38:31.395 [TestNG] INFO  Resources.base - Clicked on Login Button
14:38:31.866 [TestNG] INFO  Resources.base - Entered Username
14:38:32.017 [TestNG] INFO  Resources.base - Initiating Method :' CreateConnectHubDraft '
14:38:32.132 [TestNG] INFO  Resources.base - Navigated to correct url ie. https://dev-adityabirla.emcollab.com/#/hub
14:38:32.292 [TestNG] INFO  Resources.base - Initiating Method :' PostApprove '
14:38:32.428 [TestNG] INFO  Resources.base - Entered Password
14:38:32.728 [TestNG] INFO  Resources.base - Clicked on Login Button
14:38:32.730 [TestNG] INFO  Resources.base - Initiating Method :' validateNewUser '
14:38:34.571 [TestNG] INFO  Resources.base - Intiating Method :' loginPageTestCredentials: with correct UserName & wrong Password '
14:38:36.383 [TestNG] INFO  Resources.base - clicked on MyProfile Logo
14:38:36.956 [TestNG] INFO  Resources.base - clicked on checkbox
14:38:37.325 [TestNG] INFO  Resources.base - clicked on Agree button 
14:38:37.325 [TestNG] INFO  Resources.base - Entered complete Profile Page
14:38:38.585 [TestNG] INFO  Resources.base - clicked on Connect Hub Button
14:38:38.598 [TestNG] INFO  Resources.base - Clicked on MyProfile button
14:38:38.714 [TestNG] INFO  Resources.base - Driver is initialized
14:38:39.070 [TestNG] INFO  Resources.base - Window is maximised
14:38:40.707 [TestNG] INFO  Resources.base - Clicked on create post button
14:38:41.110 [TestNG] INFO  Resources.base - Fetching MyProfilePage
14:38:41.114 [TestNG] INFO  Resources.base - Intiating Method :' updateContactInfo '
14:38:41.132 [TestNG] INFO  Resources.base - Selecting country code at option number :98
14:38:41.419 [TestNG] INFO  Resources.base - First name has been entered
14:38:42.012 [TestNG] INFO  Resources.base - Last name has been entered
14:38:42.779 [TestNG] INFO  Resources.base - Clicked on female radio button
14:38:43.883 [TestNG] INFO  Resources.base - Clicked on female radio button
14:38:43.943 [TestNG] INFO  Resources.base - Email field is non-editable
14:38:44.500 [TestNG] INFO  Resources.base - Post Headline Inserted
14:38:45.626 [TestNG] INFO  Resources.base - For Calender Year and Month are choosen
14:38:46.327 [TestNG] INFO  Resources.base - For Calender date is choosen
14:38:46.329 [TestNG] INFO  Resources.base - Selecting organisation at option number :15
14:38:46.666 [TestNG] INFO  Resources.base - Sub  Headline Inserted
14:38:47.077 [TestNG] INFO  Resources.base - Organisation name clicked
14:38:47.077 [TestNG] INFO  Resources.base - Selecting Job Function at option number :12
14:38:48.811 [TestNG] INFO  Resources.base -  Post description is inserted 
14:38:49.476 [TestNG] INFO  Resources.base - tag is inserted 
14:38:49.517 [TestNG] INFO  Resources.base -  Country code for India Selected 
14:38:50.579 [TestNG] INFO  Resources.base -  Country as : 'India ' is selected 
14:38:52.870 [TestNG] INFO  Resources.base - Save Draft button clicked
14:38:53.017 [TestNG] INFO  Resources.base - Mobile Number is Updated as: ' 3268739438  '
14:38:53.515 [TestNG] INFO  Resources.base - Entered Username
14:38:53.747 [TestNG] INFO  Resources.base - Entered Password
14:38:54.059 [TestNG] INFO  Resources.base - Clicked on Login Button
14:38:54.117 [TestNG] INFO  Resources.base -  'Uttar Pradesh' as a state is selected
14:38:55.250 [TestNG] INFO  Resources.base - Selecting city at option number :63
14:38:56.264 [TestNG] INFO  Resources.base - toast Message Verified
14:38:56.268 [TestNG] INFO  Resources.base - Intiating Method :' updateGender '
14:38:56.649 [TestNG] INFO  Resources.base - Clicked on female radio button
14:38:56.760 [TestNG] INFO  Resources.base - Post Description matched
14:38:56.886 [TestNG] INFO  Resources.base - Post udate On data matched
14:38:56.927 [TestNG] ERROR Resources.base - Error occured while fetching content of draft
java.lang.StringIndexOutOfBoundsException: begin 0, end 120, length 119
	at java.lang.String.checkBoundsBeginEnd(String.java:3734) ~[?:?]
	at java.lang.String.substring(String.java:1903) ~[?:?]
	at encollab.CreatePost.CreateConnectHubDraft(CreatePost.java:481) [test-classes/:?]
	at jdk.internal.reflect.NativeMethodAccessorImpl.invoke0(Native Method) ~[?:?]
	at jdk.internal.reflect.NativeMethodAccessorImpl.invoke(NativeMethodAccessorImpl.java:64) ~[?:?]
	at jdk.internal.reflect.DelegatingMethodAccessorImpl.invoke(DelegatingMethodAccessorImpl.java:43) ~[?:?]
	at java.lang.reflect.Method.invoke(Method.java:564) ~[?:?]
	at org.testng.internal.MethodInvocationHelper.invokeMethod(MethodInvocationHelper.java:80) [testng-6.8.jar:?]
	at org.testng.internal.Invoker.invokeMethod(Invoker.java:714) [testng-6.8.jar:?]
	at org.testng.internal.Invoker.invokeTestMethod(Invoker.java:901) [testng-6.8.jar:?]
	at org.testng.internal.Invoker.invokeTestMethods(Invoker.java:1231) [testng-6.8.jar:?]
	at org.testng.internal.TestMethodWorker.invokeTestMethods(TestMethodWorker.java:127) [testng-6.8.jar:?]
	at org.testng.internal.TestMethodWorker.run(TestMethodWorker.java:111) [testng-6.8.jar:?]
	at org.testng.TestRunner.privateRun(TestRunner.java:767) [testng-6.8.jar:?]
	at org.testng.TestRunner.run(TestRunner.java:617) [testng-6.8.jar:?]
	at org.testng.SuiteRunner.runTest(SuiteRunner.java:334) [testng-6.8.jar:?]
	at org.testng.SuiteRunner.access$000(SuiteRunner.java:37) [testng-6.8.jar:?]
	at org.testng.SuiteRunner$SuiteWorker.run(SuiteRunner.java:368) [testng-6.8.jar:?]
	at org.testng.internal.thread.ThreadUtil$2.call(ThreadUtil.java:64) [testng-6.8.jar:?]
	at java.util.concurrent.FutureTask.run(FutureTask.java:264) [?:?]
	at java.util.concurrent.ThreadPoolExecutor.runWorker(ThreadPoolExecutor.java:1130) [?:?]
	at java.util.concurrent.ThreadPoolExecutor$Worker.run(ThreadPoolExecutor.java:630) [?:?]
	at java.lang.Thread.run(Thread.java:832) [?:?]
14:38:56.963 [TestNG] INFO  Resources.base - Initiating Method :' CreateLearningDraft '
14:38:57.118 [TestNG] INFO  Resources.base - toast Message Verified
14:38:57.933 [TestNG] INFO  Resources.base - Clicked on Male radio button
14:38:59.047 [TestNG] INFO  Resources.base - toast Message Verified
14:38:59.557 [TestNG] INFO  Resources.base - Intiating Method :' updateJobFunction '
14:38:59.557 [TestNG] INFO  Resources.base - Selecting Job Function at option number :5
14:38:59.904 [TestNG] INFO  Resources.base - Admin control button clicked 
14:39:03.863 [TestNG] INFO  Resources.base - Post Headline Inserted
14:39:04.236 [TestNG] INFO  Resources.base - toast Message Verified
14:39:04.236 [TestNG] INFO  Resources.base -  Job Function name clicked
14:39:04.745 [TestNG] INFO  Resources.base - Intiating Method :' updateLocation '
14:39:05.379 [TestNG] INFO  Resources.base -  City as : ' Bahsuma ' is selected
14:39:05.380 [TestNG] INFO  Resources.base - Selecting country code at option number :98
14:39:06.496 [TestNG] INFO  Resources.base - Sub  Headline Inserted
14:39:06.742 [TestNG] INFO  Resources.base - Navigated to Url 
14:39:06.747 [TestNG] INFO  Resources.base - Driver For Login Page is initialized
14:39:06.747 [TestNG] INFO  Resources.base - Dataset choice has been fetched
14:39:08.082 [TestNG] INFO  Resources.base - Automation User
14:39:08.551 [TestNG] INFO  Resources.base -  Post description is inserted 
14:39:08.566 [TestNG] INFO  Resources.base -  Country code for India Selected 
14:39:08.838 [TestNG] INFO  Resources.base -  Country as : 'India ' is seleceted 
14:39:08.952 [TestNG] INFO  Resources.base - tag is inserted 
14:39:09.384 [TestNG] INFO  Resources.base - Post approve  message verified
14:39:09.635 [TestNG] INFO  Resources.base - clicked on approved button 
14:39:09.900 [TestNG] INFO  Resources.base - Username entered as  automation
14:39:10.163 [TestNG] INFO  Resources.base - password  entered as  1234567
14:39:10.452 [TestNG] INFO  Resources.base - Clicked on login
14:39:10.567 [TestNG] INFO  Resources.base - Mobile Number is Updated as: ' 4003653548  '
14:39:10.952 [TestNG] INFO  Resources.base - data matched after approving the post
14:39:10.967 [TestNG] INFO  Resources.base - Initiating Method :' PostDecline '
14:39:11.691 [TestNG] INFO  Resources.base - Navigated to correct url ie. https://dev-adityabirla.emcollab.com/#
14:39:11.692 [TestNG] INFO  Resources.base - Error Message matched 
14:39:11.692 [TestNG] INFO  Resources.base - Toast message Verified
14:39:11.714 [TestNG] INFO  Resources.base -  'Uttar Pradesh' as a state is selected
14:39:11.896 [TestNG] INFO  Resources.base - My Healine message entered
14:39:12.556 [TestNG] INFO  Resources.base - Save Draft button clicked
14:39:12.583 [TestNG] INFO  Resources.base - Admin control button clicked 
14:39:12.722 [TestNG] INFO  Resources.base - Selecting city at option number :232
14:39:13.930 [TestNG] INFO  Resources.base - Intiating Method :' loginPageTestCredentials: with wrong UserName & correct Password '
14:39:15.135 [TestNG] INFO  Resources.base - Post Description matched
14:39:15.173 [TestNG] INFO  Resources.base - Post udate On data matched
14:39:15.349 [TestNG] ERROR Resources.base - Error occured while fetching content of draft
java.lang.StringIndexOutOfBoundsException: begin 0, end 120, length 119
	at java.lang.String.checkBoundsBeginEnd(String.java:3734) ~[?:?]
	at java.lang.String.substring(String.java:1903) ~[?:?]
	at encollab.CreatePost.CreateLearningDraft(CreatePost.java:167) [test-classes/:?]
	at jdk.internal.reflect.NativeMethodAccessorImpl.invoke0(Native Method) ~[?:?]
	at jdk.internal.reflect.NativeMethodAccessorImpl.invoke(NativeMethodAccessorImpl.java:64) ~[?:?]
	at jdk.internal.reflect.DelegatingMethodAccessorImpl.invoke(DelegatingMethodAccessorImpl.java:43) ~[?:?]
	at java.lang.reflect.Method.invoke(Method.java:564) ~[?:?]
	at org.testng.internal.MethodInvocationHelper.invokeMethod(MethodInvocationHelper.java:80) [testng-6.8.jar:?]
	at org.testng.internal.Invoker.invokeMethod(Invoker.java:714) [testng-6.8.jar:?]
	at org.testng.internal.Invoker.invokeTestMethod(Invoker.java:901) [testng-6.8.jar:?]
	at org.testng.internal.Invoker.invokeTestMethods(Invoker.java:1231) [testng-6.8.jar:?]
	at org.testng.internal.TestMethodWorker.invokeTestMethods(TestMethodWorker.java:127) [testng-6.8.jar:?]
	at org.testng.internal.TestMethodWorker.run(TestMethodWorker.java:111) [testng-6.8.jar:?]
	at org.testng.TestRunner.privateRun(TestRunner.java:767) [testng-6.8.jar:?]
	at org.testng.TestRunner.run(TestRunner.java:617) [testng-6.8.jar:?]
	at org.testng.SuiteRunner.runTest(SuiteRunner.java:334) [testng-6.8.jar:?]
	at org.testng.SuiteRunner.access$000(SuiteRunner.java:37) [testng-6.8.jar:?]
	at org.testng.SuiteRunner$SuiteWorker.run(SuiteRunner.java:368) [testng-6.8.jar:?]
	at org.testng.internal.thread.ThreadUtil$2.call(ThreadUtil.java:64) [testng-6.8.jar:?]
	at java.util.concurrent.FutureTask.run(FutureTask.java:264) [?:?]
	at java.util.concurrent.ThreadPoolExecutor.runWorker(ThreadPoolExecutor.java:1130) [?:?]
	at java.util.concurrent.ThreadPoolExecutor$Worker.run(ThreadPoolExecutor.java:630) [?:?]
	at java.lang.Thread.run(Thread.java:832) [?:?]
14:39:15.354 [TestNG] INFO  Resources.base - Initiating Method :' CreateConnectPostwithYoutubeLink '
14:39:15.783 [TestNG] INFO  Resources.base - Automation User
14:39:16.895 [TestNG] INFO  Resources.base - Driver is initialized
14:39:17.127 [TestNG] INFO  Resources.base - Window is maximised
14:39:17.377 [TestNG] INFO  Resources.base - clicked on Connect Hub Button
14:39:19.885 [TestNG] INFO  Resources.base - toast Message Verified
14:39:19.931 [TestNG] INFO  Resources.base - Clicked on create post button
14:39:23.351 [TestNG] INFO  Resources.base -  City as : ' Ghosi ' is selected
14:39:23.785 [TestNG] INFO  Resources.base - Post approve  message verified
14:39:24.321 [TestNG] INFO  Resources.base - Post Headline Inserted
14:39:24.487 [TestNG] INFO  Resources.base - toast Message Verified
14:39:24.994 [TestNG] INFO  Resources.base - Intiating Method :' updateOrganization '
14:39:24.994 [TestNG] INFO  Resources.base - Selecting organnisation at option number :3
14:39:26.065 [TestNG] INFO  Resources.base - closing browser
14:39:27.493 [TestNG] INFO  Resources.base - Sub  Headline Inserted
14:39:27.803 [TestNG] INFO  Resources.base - toast Message Verified
14:39:27.803 [TestNG] INFO  Resources.base - Orgnisation name clicked
14:39:28.122 [TestNG] INFO  Resources.base - Navigated to Url 
14:39:28.126 [TestNG] INFO  Resources.base - Driver For Login Page is initialized
14:39:28.126 [TestNG] INFO  Resources.base - Dataset choice has been fetched
14:39:28.310 [TestNG] INFO  Resources.base - Intiating Method :' updateUsername with user name of 90 charecters '
14:39:28.310 [TestNG] INFO  Resources.base - Dataset choice has been fetched
14:39:29.221 [TestNG] INFO  Resources.base - choice for link  is :11
14:39:31.111 [TestNG] INFO  Resources.base - First name has been entered
14:39:31.377 [TestNG] INFO  Resources.base - Username entered as  hs001
14:39:31.658 [TestNG] INFO  Resources.base - password  entered as  automation
14:39:31.932 [TestNG] INFO  Resources.base - Clicked on login
14:39:32.897 [TestNG] INFO  Resources.base - Navigated to correct url ie. https://dev-adityabirla.emcollab.com/#
14:39:32.897 [TestNG] INFO  Resources.base - Error Message matched 
14:39:32.898 [TestNG] INFO  Resources.base - Toast message Verified
14:39:33.167 [TestNG] INFO  Resources.base -  Post description is inserted 
14:39:33.529 [TestNG] INFO  Resources.base - Entered Username
14:39:33.654 [TestNG] INFO  Resources.base - tag is inserted 
14:39:33.813 [TestNG] INFO  Resources.base - Entered Password
14:39:33.964 [TestNG] INFO  Resources.base - Last name has been entered
14:39:34.072 [TestNG] INFO  Resources.base - Clicked on Login Button
14:39:35.076 [TestNG] INFO  Resources.base - Intiating Method :' loginPageTestCredentials: with wrong UserName & wrong Password '
14:39:35.469 [TestNG] INFO  Resources.base - toast Message Verified
14:39:35.469 [TestNG] INFO  Resources.base - Save Button has been clicked 
14:39:35.473 [TestNG] INFO  Resources.base - Intiating Method :' updateUsername with user name of >90 charecters '
14:39:35.473 [TestNG] INFO  Resources.base - Dataset choice has been fetched
14:39:36.349 [TestNG] INFO  Resources.base - Submit Button clicked 
14:39:37.466 [TestNG] INFO  Resources.base - Driver is initialized
14:39:37.743 [TestNG] INFO  Resources.base - Window is maximised
14:39:38.082 [TestNG] INFO  Resources.base - close dialog button clicked 
14:39:39.694 [TestNG] INFO  Resources.base - First name has been entered as:HarryHarryHarryHarryHarryHarryHarryHarryHarryHarryHarryHarryHarryHarryHarryHarryHarryHarryHarry
14:39:43.107 [TestNG] INFO  Resources.base - Post Headline Matched
14:39:43.168 [TestNG] INFO  Resources.base - Post description Matched
14:39:43.309 [TestNG] INFO  Resources.base - Post Category Matched
14:39:43.348 [TestNG] INFO  Resources.base - Post Updated On Date is matched 
14:39:43.351 [TestNG] INFO  Resources.base - Initiating Method :' CreatelearningPostwithYoutubeLink '
14:39:44.127 [TestNG] INFO  Resources.base - Last name has been entered as:SahaniSahaniSahaniSahaniSahaniSahaniSahaniSahaniSahaniSahaniSahaniSahaniSahaniSahaniSahaniSahani
14:39:44.552 [TestNG] INFO  Resources.base - Save Button is disabled 
14:39:45.697 [TestNG] INFO  Resources.base - Navigated to Url 
14:39:45.702 [TestNG] INFO  Resources.base - Driver For Login Page is initialized
14:39:45.702 [TestNG] INFO  Resources.base - Dataset choice has been fetched
14:39:47.530 [TestNG] INFO  Resources.base - toast Message Verified
14:39:47.532 [TestNG] INFO  Resources.base - Save Button has been clicked 
14:39:47.535 [TestNG] INFO  Resources.base - Intiating Method :' updateUsername with null charecters '
14:39:47.535 [TestNG] INFO  Resources.base - Dataset choice has been fetched
14:39:47.988 [TestNG] ERROR Resources.base - Error Occurred while Submitting a respone for Declining a post 
14:39:48.580 [TestNG] INFO  Resources.base - Post Headline Inserted
14:39:49.145 [TestNG] INFO  Resources.base - Username entered as  hs001
14:39:49.355 [TestNG] INFO  Resources.base - password  entered as  1234567
14:39:49.535 [TestNG] INFO  Resources.base - Clicked on login
14:39:50.235 [TestNG] INFO  Resources.base - First name has been entered as:
14:39:50.728 [TestNG] INFO  Resources.base - closing browser
14:39:50.849 [TestNG] INFO  Resources.base - Navigated to correct url ie. https://dev-adityabirla.emcollab.com/#
14:39:50.849 [TestNG] INFO  Resources.base - Error Message matched 
14:39:50.850 [TestNG] INFO  Resources.base - Toast message Verified
14:39:50.876 [TestNG] INFO  Resources.base - Last name has been entered as:
14:39:50.916 [TestNG] INFO  Resources.base - Sub  Headline Inserted
14:39:51.057 [TestNG] INFO  Resources.base - Save Button is disabled 
14:39:52.337 [TestNG] INFO  Resources.base - toast Message Verified
14:39:52.338 [TestNG] INFO  Resources.base - Save Button has been clicked 
14:39:52.342 [TestNG] INFO  Resources.base - Intiating Method :' updateUsername with special case charecters charecters '
14:39:52.342 [TestNG] INFO  Resources.base - Dataset choice has been fetched
14:39:52.584 [TestNG] INFO  Resources.base - choice for link  is :12
14:39:53.350 [TestNG] INFO  Resources.base - Youtube Submit button clicked
14:39:53.628 [TestNG] INFO  Resources.base - First name has been entered as:@#$%^
14:39:53.871 [TestNG] INFO  Resources.base - Last name has been entered as:@#$%^
14:39:53.949 [TestNG] INFO  Resources.base - Save Button is disabled 
14:39:53.949 [TestNG] INFO  Resources.base - FirstName and Last name do not support special charecters in respective fields
14:39:54.416 [TestNG] INFO  Resources.base - toast Message Verified
14:39:54.416 [TestNG] INFO  Resources.base - Save Button has been clicked 
