14:39:54.418 [TestNG] INFO  Resources.base - Intiating Method :' updateWelcomeMessage '
14:39:55.851 [TestNG] INFO  Resources.base -  Post description is inserted 
14:39:56.065 [TestNG] INFO  Resources.base - tag is inserted 
14:39:56.830 [TestNG] INFO  Resources.base - toast Message Verified
14:39:56.830 [TestNG] INFO  Resources.base - My Healine message entered
14:39:57.871 [TestNG] INFO  Resources.base - toast Message Verified
14:39:58.307 [TestNG] INFO  Resources.base - Submit Button clicked 
14:39:58.881 [TestNG] INFO  Resources.base - Intiating Method :' validateCalender '
14:40:00.504 [TestNG] INFO  Resources.base - For Calender Year and Month are choosen
14:40:00.792 [TestNG] INFO  Resources.base - For Calender date is choosen
14:40:01.001 [TestNG] INFO  Resources.base - toast Message Verified
14:40:01.005 [TestNG] INFO  Resources.base - Intiating Method :' validateEmailField '
14:40:01.216 [TestNG] INFO  Resources.base - Email field is non-editable
14:40:01.363 [TestNG] INFO  Resources.base - closing browser
14:40:01.626 [TestNG] ERROR Resources.base - confirmation modal didn't showed Up
org.openqa.selenium.TimeoutException: Expected condition failed: waiting for element to be clickable: [[ChromeDriver: chrome on MAC (33c1582ba662a234f209983674608458)] -> xpath: //div[@class='modal-body']/p] (tried for 3 second(s) with 500 milliseconds interval)
Build info: version: '3.141.59', revision: 'e82be7d358', time: '2018-11-14T08:17:03'
System info: host: 'harshits-MacBook-Air.local', ip: 'fe80:0:0:0:854:8da6:493:31d8%en0', os.name: 'Mac OS X', os.arch: 'x86_64', os.version: '10.16', java.version: '15.0.2'
Driver info: org.openqa.selenium.chrome.ChromeDriver
Capabilities {acceptInsecureCerts: false, browserName: chrome, browserVersion: 92.0.4515.107, chrome: {chromedriverVersion: 91.0.4472.19 (1bf021f248676..., userDataDir: /var/folders/mf/5d0879117zv...}, goog:chromeOptions: {debuggerAddress: localhost:50687}, javascriptEnabled: true, networkConnectionEnabled: false, pageLoadStrategy: normal, platform: MAC, platformName: MAC, proxy: Proxy(), setWindowRect: true, strictFileInteractability: false, timeouts: {implicit: 0, pageLoad: 300000, script: 30000}, unhandledPromptBehavior: dismiss and notify, webauthn:extension:largeBlob: true, webauthn:virtualAuthenticators: true}
Session ID: 33c1582ba662a234f209983674608458
	at org.openqa.selenium.support.ui.WebDriverWait.timeoutException(WebDriverWait.java:95) ~[selenium-support-3.141.59.jar:?]
	at org.openqa.selenium.support.ui.FluentWait.until(FluentWait.java:272) ~[selenium-support-3.141.59.jar:?]
	at encollab.CreatePost.CreatelearningPostwithYoutubeLink(CreatePost.java:303) [test-classes/:?]
	at jdk.internal.reflect.NativeMethodAccessorImpl.invoke0(Native Method) ~[?:?]
	at jdk.internal.reflect.NativeMethodAccessorImpl.invoke(NativeMethodAccessorImpl.java:64) ~[?:?]
	at jdk.internal.reflect.DelegatingMethodAccessorImpl.invoke(DelegatingMethodAccessorImpl.java:43) ~[?:?]
	at java.lang.reflect.Method.invoke(Method.java:564) ~[?:?]
	at org.testng.internal.MethodInvocationHelper.invokeMethod(MethodInvocationHelper.java:80) [testng-6.8.jar:?]
	at org.testng.internal.Invoker.invokeMethod(Invoker.java:714) [testng-6.8.jar:?]
	at org.testng.internal.Invoker.invokeTestMethod(Invoker.java:901) [testng-6.8.jar:?]
	at org.testng.internal.Invoker.invokeTestMethods(Invoker.java:1231) [testng-6.8.jar:?]
	at org.testng.internal.TestMethodWorker.invokeTestMethods(TestMethodWorker.java:127) [testng-6.8.jar:?]
	at org.testng.internal.TestMethodWorker.run(TestMethodWorker.java:111) [testng-6.8.jar:?]
	at org.testng.TestRunner.privateRun(TestRunner.java:767) [testng-6.8.jar:?]
	at org.testng.TestRunner.run(TestRunner.java:617) [testng-6.8.jar:?]
	at org.testng.SuiteRunner.runTest(SuiteRunner.java:334) [testng-6.8.jar:?]
	at org.testng.SuiteRunner.access$000(SuiteRunner.java:37) [testng-6.8.jar:?]
	at org.testng.SuiteRunner$SuiteWorker.run(SuiteRunner.java:368) [testng-6.8.jar:?]
	at org.testng.internal.thread.ThreadUtil$2.call(ThreadUtil.java:64) [testng-6.8.jar:?]
	at java.util.concurrent.FutureTask.run(FutureTask.java:264) [?:?]
	at java.util.concurrent.ThreadPoolExecutor.runWorker(ThreadPoolExecutor.java:1130) [?:?]
	at java.util.concurrent.ThreadPoolExecutor$Worker.run(ThreadPoolExecutor.java:630) [?:?]
	at java.lang.Thread.run(Thread.java:832) [?:?]
14:40:01.851 [TestNG] INFO  Resources.base - Initiating Method :' EditDraft '
14:40:03.656 [TestNG] INFO  Resources.base - First Post headline is : 2021/07/29 14:39:00 This is Content saved after creating the draft which is present is my spaces section of dev build..
14:40:03.776 [TestNG] INFO  Resources.base - First Post Description is : 2021/07/29 14:39:07content changed for draft : this is a post description body, data entered here is
14:40:03.816 [TestNG] INFO  Resources.base - First Post Updated on : 29 July 2021
14:40:06.025 [TestNG] INFO  Resources.base - Post Headline Inserted
14:40:06.447 [TestNG] INFO  Resources.base - Sub  Headline Inserted
14:40:08.430 [TestNG] INFO  Resources.base -  Post description is inserted 
14:40:08.643 [TestNG] INFO  Resources.base - tag is inserted 
14:40:10.835 [TestNG] INFO  Resources.base - Save Draft button clicked
14:40:11.919 [TestNG] INFO  Resources.base - Save message verified
14:40:11.990 [TestNG] INFO  Resources.base - Post creation date matched 
14:40:12.022 [TestNG] INFO  Resources.base - Post description matched 
14:40:12.051 [TestNG] ERROR Resources.base - Error occured while fetching content of draft
java.lang.StringIndexOutOfBoundsException: begin 0, end 120, length 119
	at java.lang.String.checkBoundsBeginEnd(String.java:3734) ~[?:?]
	at java.lang.String.substring(String.java:1903) ~[?:?]
	at encollab.CreatePost.EditDraft(CreatePost.java:860) [test-classes/:?]
	at jdk.internal.reflect.NativeMethodAccessorImpl.invoke0(Native Method) ~[?:?]
	at jdk.internal.reflect.NativeMethodAccessorImpl.invoke(NativeMethodAccessorImpl.java:64) ~[?:?]
	at jdk.internal.reflect.DelegatingMethodAccessorImpl.invoke(DelegatingMethodAccessorImpl.java:43) ~[?:?]
	at java.lang.reflect.Method.invoke(Method.java:564) ~[?:?]
	at org.testng.internal.MethodInvocationHelper.invokeMethod(MethodInvocationHelper.java:80) [testng-6.8.jar:?]
	at org.testng.internal.Invoker.invokeMethod(Invoker.java:714) [testng-6.8.jar:?]
	at org.testng.internal.Invoker.invokeTestMethod(Invoker.java:901) [testng-6.8.jar:?]
	at org.testng.internal.Invoker.invokeTestMethods(Invoker.java:1231) [testng-6.8.jar:?]
	at org.testng.internal.TestMethodWorker.invokeTestMethods(TestMethodWorker.java:127) [testng-6.8.jar:?]
	at org.testng.internal.TestMethodWorker.run(TestMethodWorker.java:111) [testng-6.8.jar:?]
	at org.testng.TestRunner.privateRun(TestRunner.java:767) [testng-6.8.jar:?]
	at org.testng.TestRunner.run(TestRunner.java:617) [testng-6.8.jar:?]
	at org.testng.SuiteRunner.runTest(SuiteRunner.java:334) [testng-6.8.jar:?]
	at org.testng.SuiteRunner.access$000(SuiteRunner.java:37) [testng-6.8.jar:?]
	at org.testng.SuiteRunner$SuiteWorker.run(SuiteRunner.java:368) [testng-6.8.jar:?]
	at org.testng.internal.thread.ThreadUtil$2.call(ThreadUtil.java:64) [testng-6.8.jar:?]
	at java.util.concurrent.FutureTask.run(FutureTask.java:264) [?:?]
	at java.util.concurrent.ThreadPoolExecutor.runWorker(ThreadPoolExecutor.java:1130) [?:?]
	at java.util.concurrent.ThreadPoolExecutor$Worker.run(ThreadPoolExecutor.java:630) [?:?]
	at java.lang.Thread.run(Thread.java:832) [?:?]
14:40:12.054 [TestNG] INFO  Resources.base - Initiating Method :' DeclineDraft '
14:40:12.084 [TestNG] INFO  Resources.base - User is on My space Page 
14:46:09.581 [TestNG] INFO  Resources.base - Driver is initialized
14:46:09.739 [TestNG] INFO  Resources.base - Window is maximised
14:46:15.416 [TestNG] INFO  Resources.base - Navigated to Url 
14:46:15.602 [TestNG] INFO  Resources.base - Entered Username
14:46:15.723 [TestNG] INFO  Resources.base - Entered Password
14:46:15.812 [TestNG] INFO  Resources.base - Clicked on Login Button
14:46:17.286 [TestNG] INFO  Resources.base - Initiating Method :' PostApprove '
14:46:25.086 [TestNG] INFO  Resources.base - Entered Username
14:46:25.201 [TestNG] INFO  Resources.base - Entered Password
14:46:25.280 [TestNG] INFO  Resources.base - Clicked on Login Button
14:46:26.787 [TestNG] INFO  Resources.base - Admin control button clicked 
14:46:28.488 [TestNG] INFO  Resources.base - Automation User
14:46:29.533 [TestNG] INFO  Resources.base - Post approve  message verified
14:46:29.653 [TestNG] INFO  Resources.base - clicked on approved button 
14:46:30.382 [TestNG] INFO  Resources.base - data matched after approving the post
14:46:30.397 [TestNG] INFO  Resources.base - Initiating Method :' PostDecline '
14:46:30.897 [TestNG] INFO  Resources.base - Admin control button clicked 
14:46:31.733 [TestNG] INFO  Resources.base - Automation User
14:46:34.819 [TestNG] INFO  Resources.base - Post approve  message verified
14:46:37.046 [TestNG] INFO  Resources.base - Entered Username
14:46:37.177 [TestNG] INFO  Resources.base - Entered Password
14:46:37.256 [TestNG] INFO  Resources.base - Clicked on Login Button
14:46:40.789 [TestNG] INFO  Resources.base - 2021/07/29 14:18:38 This is Content saved after creating the draft which is pres ...
14:46:40.789 [TestNG] INFO  Resources.base - 124 : 2021/07/29 14:18:38 This is Content saved after creating the draft which is pres ...
14:46:40.817 [TestNG] INFO  Resources.base - Post Headline Matched
14:46:40.849 [TestNG] INFO  Resources.base - Post Category Matched
14:46:40.881 [TestNG] INFO  Resources.base - Post Updated On Date is matched 
14:46:41.572 [TestNG] INFO  Resources.base - Decline Message verified
14:46:42.333 [TestNG] INFO  Resources.base - closing browser
17:00:41.377 [TestNG] INFO  Resources.base - Intiating Method :' loginPageTestCredentials : with correct user credentials '
17:00:48.740 [TestNG] INFO  Resources.base - Driver is initialized
17:00:48.741 [TestNG] INFO  Resources.base - Driver is initialized
17:00:48.741 [TestNG] INFO  Resources.base - Driver is initialized
17:00:48.741 [TestNG] INFO  Resources.base - Driver is initialized
17:00:48.740 [TestNG] INFO  Resources.base - Driver is initialized
17:00:48.960 [TestNG] INFO  Resources.base - Window is maximised
17:00:48.964 [TestNG] INFO  Resources.base - Window is maximised
17:00:49.023 [TestNG] INFO  Resources.base - Window is maximised
17:00:49.033 [TestNG] INFO  Resources.base - Window is maximised
17:00:49.166 [TestNG] INFO  Resources.base - Window is maximised
17:01:23.095 [TestNG] INFO  Resources.base - Navigated to Url 
17:01:23.108 [TestNG] INFO  Resources.base - Driver For MyProfile Page is initialized
17:01:23.388 [TestNG] INFO  Resources.base - Navigated to Url 
17:01:23.398 [TestNG] INFO  Resources.base - Driver For MyProfile Page is initialized
17:01:24.186 [TestNG] INFO  Resources.base - Entered Username
17:01:24.268 [TestNG] INFO  Resources.base - Entered Username
17:01:24.521 [TestNG] INFO  Resources.base - Navigated to Url 
17:01:24.927 [TestNG] INFO  Resources.base - Entered Password
17:01:25.032 [TestNG] INFO  Resources.base - Entered Password
17:01:25.116 [TestNG] INFO  Resources.base - Navigated to Url 
17:01:25.121 [TestNG] INFO  Resources.base - Driver For Login Page is initialized
17:01:25.121 [TestNG] INFO  Resources.base - Dataset choice has been fetched
17:01:25.180 [TestNG] INFO  Resources.base - Entered Username
17:01:25.316 [TestNG] INFO  Resources.base - Navigated to Url 
17:01:25.404 [TestNG] INFO  Resources.base - Clicked on Login Button
17:01:25.456 [TestNG] INFO  Resources.base - Clicked on Login Button
17:01:25.460 [TestNG] INFO  Resources.base - Initiating Method :' validateNewUser '
17:01:25.583 [TestNG] INFO  Resources.base - Username entered as  automation
17:01:25.633 [TestNG] INFO  Resources.base - Entered Password
17:01:25.705 [TestNG] INFO  Resources.base - Entered Username
17:01:25.838 [TestNG] INFO  Resources.base - Clicked on Login Button
17:01:25.943 [TestNG] INFO  Resources.base - password  entered as  automation
17:01:25.978 [TestNG] INFO  Resources.base - Entered Password
17:01:26.107 [TestNG] INFO  Resources.base - Clicked on login
17:01:26.138 [TestNG] INFO  Resources.base - Clicked on Login Button
17:01:26.885 [TestNG] INFO  Resources.base - Initiating Method :' CreateConnectHubDraft '
17:01:27.160 [TestNG] INFO  Resources.base - Navigated to correct url ie. https://dev-adityabirla.emcollab.com/#/hub
17:01:27.285 [TestNG] INFO  Resources.base - Initiating Method :' PostApprove '
17:01:28.133 [TestNG] INFO  Resources.base - clicked on MyProfile Logo
17:01:28.666 [TestNG] INFO  Resources.base - Clicked on MyProfile button
17:01:28.673 [TestNG] INFO  Resources.base - Fetching MyProfilePage
17:01:28.676 [TestNG] INFO  Resources.base - Intiating Method :' updateContactInfo '
17:01:28.687 [TestNG] INFO  Resources.base - Selecting country code at option number :98
17:01:29.050 [TestNG] INFO  Resources.base - clicked on Connect Hub Button
17:01:29.755 [TestNG] INFO  Resources.base - Intiating Method :' loginPageTestCredentials: with correct UserName & wrong Password '
17:01:33.909 [TestNG] INFO  Resources.base - Driver is initialized
17:01:34.116 [TestNG] INFO  Resources.base - Window is maximised
17:01:36.752 [TestNG] INFO  Resources.base - Clicked on create post button
17:01:36.954 [TestNG] INFO  Resources.base - closing browser
17:01:41.527 [TestNG] INFO  Resources.base - Post Headline Inserted
17:01:43.817 [TestNG] INFO  Resources.base -  Country code for India Selected 
17:01:44.585 [TestNG] INFO  Resources.base - Sub  Headline Inserted
17:01:46.501 [TestNG] INFO  Resources.base - Navigated to Url 
17:01:46.506 [TestNG] INFO  Resources.base - Driver For Login Page is initialized
17:01:46.506 [TestNG] INFO  Resources.base - Dataset choice has been fetched
17:01:46.784 [TestNG] INFO  Resources.base - Username entered as  automation
17:01:46.859 [TestNG] INFO  Resources.base -  Post description is inserted 
17:01:47.361 [TestNG] INFO  Resources.base - password  entered as  1234567
17:01:47.466 [TestNG] INFO  Resources.base - Mobile Number is Updated as: ' 7670803503  '
17:01:48.188 [TestNG] INFO  Resources.base - tag is inserted 
17:01:49.491 [TestNG] INFO  Resources.base - Entered Username
17:01:49.709 [TestNG] INFO  Resources.base - Entered Password
17:01:49.907 [TestNG] INFO  Resources.base - Clicked on Login Button
17:01:50.107 [TestNG] INFO  Resources.base - toast Message Verified
17:01:50.112 [TestNG] INFO  Resources.base - Intiating Method :' updateGender '
17:01:50.715 [TestNG] INFO  Resources.base - Clicked on female radio button
17:01:50.872 [TestNG] INFO  Resources.base - Clicked on login
17:01:51.376 [TestNG] INFO  Resources.base - toast Message Verified
17:01:51.584 [TestNG] INFO  Resources.base - Save Draft button clicked
17:01:52.004 [TestNG] INFO  Resources.base - Navigated to correct url ie. https://dev-adityabirla.emcollab.com/#
17:01:52.005 [TestNG] INFO  Resources.base - Error Message matched 
17:01:52.005 [TestNG] INFO  Resources.base - Toast message Verified
17:01:52.641 [TestNG] INFO  Resources.base - Clicked on Male radio button
17:01:53.135 [TestNG] INFO  Resources.base - Post Description matched
17:01:53.149 [TestNG] INFO  Resources.base - toast Message Verified
17:01:53.242 [TestNG] INFO  Resources.base - Post udate On data matched
17:01:53.341 [TestNG] ERROR Resources.base - Error occured while fetching content of draft
java.lang.StringIndexOutOfBoundsException: begin 0, end 120, length 119
	at java.lang.String.checkBoundsBeginEnd(String.java:3734) ~[?:?]
	at java.lang.String.substring(String.java:1903) ~[?:?]
	at encollab.CreatePost.CreateConnectHubDraft(CreatePost.java:481) [test-classes/:?]
	at jdk.internal.reflect.NativeMethodAccessorImpl.invoke0(Native Method) ~[?:?]
	at jdk.internal.reflect.NativeMethodAccessorImpl.invoke(NativeMethodAccessorImpl.java:64) ~[?:?]
	at jdk.internal.reflect.DelegatingMethodAccessorImpl.invoke(DelegatingMethodAccessorImpl.java:43) ~[?:?]
	at java.lang.reflect.Method.invoke(Method.java:564) ~[?:?]
	at org.testng.internal.MethodInvocationHelper.invokeMethod(MethodInvocationHelper.java:80) [testng-6.8.jar:?]
	at org.testng.internal.Invoker.invokeMethod(Invoker.java:714) [testng-6.8.jar:?]
	at org.testng.internal.Invoker.invokeTestMethod(Invoker.java:901) [testng-6.8.jar:?]
	at org.testng.internal.Invoker.invokeTestMethods(Invoker.java:1231) [testng-6.8.jar:?]
	at org.testng.internal.TestMethodWorker.invokeTestMethods(TestMethodWorker.java:127) [testng-6.8.jar:?]
	at org.testng.internal.TestMethodWorker.run(TestMethodWorker.java:111) [testng-6.8.jar:?]
	at org.testng.TestRunner.privateRun(TestRunner.java:767) [testng-6.8.jar:?]
	at org.testng.TestRunner.run(TestRunner.java:617) [testng-6.8.jar:?]
	at org.testng.SuiteRunner.runTest(SuiteRunner.java:334) [testng-6.8.jar:?]
	at org.testng.SuiteRunner.access$000(SuiteRunner.java:37) [testng-6.8.jar:?]
	at org.testng.SuiteRunner$SuiteWorker.run(SuiteRunner.java:368) [testng-6.8.jar:?]
	at org.testng.internal.thread.ThreadUtil$2.call(ThreadUtil.java:64) [testng-6.8.jar:?]
	at java.util.concurrent.FutureTask.run(FutureTask.java:264) [?:?]
	at java.util.concurrent.ThreadPoolExecutor.runWorker(ThreadPoolExecutor.java:1130) [?:?]
	at java.util.concurrent.ThreadPoolExecutor$Worker.run(ThreadPoolExecutor.java:630) [?:?]
	at java.lang.Thread.run(Thread.java:832) [?:?]
17:01:53.362 [TestNG] INFO  Resources.base - Initiating Method :' CreateLearningDraft '
17:01:53.655 [TestNG] INFO  Resources.base - Intiating Method :' updateJobFunction '
17:01:53.656 [TestNG] INFO  Resources.base - Selecting Job Function at option number :8
17:01:54.260 [TestNG] INFO  Resources.base - Intiating Method :' loginPageTestCredentials: with wrong UserName & correct Password '
17:01:56.565 [TestNG] INFO  Resources.base - toast Message Verified
17:01:56.566 [TestNG] INFO  Resources.base -  Job Function name clicked
17:01:57.050 [TestNG] INFO  Resources.base - Admin control button clicked 
17:01:57.073 [TestNG] INFO  Resources.base - Intiating Method :' updateLocation '
17:01:57.312 [TestNG] INFO  Resources.base - Driver is initialized
17:01:57.647 [TestNG] INFO  Resources.base - Window is maximised
17:02:01.473 [TestNG] INFO  Resources.base - Post Headline Inserted
17:02:01.781 [TestNG] INFO  Resources.base -  Country as : 'India ' is seleceted 
17:02:03.141 [TestNG] INFO  Resources.base - Sub  Headline Inserted
17:02:04.290 [TestNG] INFO  Resources.base -  'Uttar Pradesh' as a state is selected
17:02:05.171 [TestNG] INFO  Resources.base -  Post description is inserted 
17:02:05.303 [TestNG] INFO  Resources.base - Selecting city at option number :415
17:02:05.885 [TestNG] INFO  Resources.base - tag is inserted 
17:02:05.973 [TestNG] INFO  Resources.base - Automation User
17:02:06.140 [TestNG] INFO  Resources.base - Navigated to Url 
17:02:06.144 [TestNG] INFO  Resources.base - Driver For Login Page is initialized
17:02:06.144 [TestNG] INFO  Resources.base - Dataset choice has been fetched
17:02:07.182 [TestNG] INFO  Resources.base - Post approve  message verified
17:02:07.377 [TestNG] INFO  Resources.base - clicked on approved button 
17:02:08.352 [TestNG] INFO  Resources.base - Username entered as  hs001
17:02:08.707 [TestNG] INFO  Resources.base - password  entered as  automation
17:02:08.771 [TestNG] INFO  Resources.base - data matched after approving the post
17:02:08.774 [TestNG] INFO  Resources.base - Initiating Method :' PostDecline '
17:02:08.917 [TestNG] INFO  Resources.base - Clicked on login
17:02:09.343 [TestNG] INFO  Resources.base - Save Draft button clicked
17:02:09.882 [TestNG] INFO  Resources.base - Navigated to correct url ie. https://dev-adityabirla.emcollab.com/#
17:02:09.883 [TestNG] INFO  Resources.base - Error Message matched 
17:02:09.883 [TestNG] INFO  Resources.base - Toast message Verified
17:02:10.068 [TestNG] INFO  Resources.base - Admin control button clicked 
17:02:10.126 [TestNG] INFO  Resources.base - Post Description matched
17:02:10.240 [TestNG] INFO  Resources.base - Post udate On data matched
17:02:10.274 [TestNG] ERROR Resources.base - Error occured while fetching content of draft
java.lang.StringIndexOutOfBoundsException: begin 0, end 120, length 119
	at java.lang.String.checkBoundsBeginEnd(String.java:3734) ~[?:?]
	at java.lang.String.substring(String.java:1903) ~[?:?]
	at encollab.CreatePost.CreateLearningDraft(CreatePost.java:167) [test-classes/:?]
	at jdk.internal.reflect.NativeMethodAccessorImpl.invoke0(Native Method) ~[?:?]
	at jdk.internal.reflect.NativeMethodAccessorImpl.invoke(NativeMethodAccessorImpl.java:64) ~[?:?]
	at jdk.internal.reflect.DelegatingMethodAccessorImpl.invoke(DelegatingMethodAccessorImpl.java:43) ~[?:?]
	at java.lang.reflect.Method.invoke(Method.java:564) ~[?:?]
	at org.testng.internal.MethodInvocationHelper.invokeMethod(MethodInvocationHelper.java:80) [testng-6.8.jar:?]
	at org.testng.internal.Invoker.invokeMethod(Invoker.java:714) [testng-6.8.jar:?]
	at org.testng.internal.Invoker.invokeTestMethod(Invoker.java:901) [testng-6.8.jar:?]
	at org.testng.internal.Invoker.invokeTestMethods(Invoker.java:1231) [testng-6.8.jar:?]
	at org.testng.internal.TestMethodWorker.invokeTestMethods(TestMethodWorker.java:127) [testng-6.8.jar:?]
	at org.testng.internal.TestMethodWorker.run(TestMethodWorker.java:111) [testng-6.8.jar:?]
	at org.testng.TestRunner.privateRun(TestRunner.java:767) [testng-6.8.jar:?]
	at org.testng.TestRunner.run(TestRunner.java:617) [testng-6.8.jar:?]
	at org.testng.SuiteRunner.runTest(SuiteRunner.java:334) [testng-6.8.jar:?]
	at org.testng.SuiteRunner.access$000(SuiteRunner.java:37) [testng-6.8.jar:?]
	at org.testng.SuiteRunner$SuiteWorker.run(SuiteRunner.java:368) [testng-6.8.jar:?]
	at org.testng.internal.thread.ThreadUtil$2.call(ThreadUtil.java:64) [testng-6.8.jar:?]
	at java.util.concurrent.FutureTask.run(FutureTask.java:264) [?:?]
	at java.util.concurrent.ThreadPoolExecutor.runWorker(ThreadPoolExecutor.java:1130) [?:?]
	at java.util.concurrent.ThreadPoolExecutor$Worker.run(ThreadPoolExecutor.java:630) [?:?]
	at java.lang.Thread.run(Thread.java:832) [?:?]
17:02:10.278 [TestNG] INFO  Resources.base - Initiating Method :' CreateConnectPostwithYoutubeLink '
17:02:11.204 [TestNG] INFO  Resources.base - clicked on Connect Hub Button
17:02:11.366 [TestNG] INFO  Resources.base -  City as : ' Mainpuri ' is selected
17:02:11.655 [TestNG] INFO  Resources.base - Automation User
17:02:12.080 [TestNG] INFO  Resources.base - Intiating Method :' loginPageTestCredentials: with wrong UserName & wrong Password '
17:02:13.592 [TestNG] INFO  Resources.base - toast Message Verified
17:02:14.098 [TestNG] INFO  Resources.base - Intiating Method :' updateOrganization '
17:02:14.098 [TestNG] INFO  Resources.base - Selecting organnisation at option number :14
17:02:14.156 [TestNG] INFO  Resources.base - Clicked on create post button
17:02:14.568 [TestNG] INFO  Resources.base - Driver is initialized
17:02:14.786 [TestNG] INFO  Resources.base - Window is maximised
17:02:15.350 [TestNG] INFO  Resources.base - toast Message Verified
17:02:15.350 [TestNG] INFO  Resources.base - Orgnisation name clicked
17:02:15.862 [TestNG] INFO  Resources.base - Intiating Method :' updateUsername with user name of 90 charecters '
17:02:15.863 [TestNG] INFO  Resources.base - Dataset choice has been fetched
17:02:16.560 [TestNG] INFO  Resources.base - Post Headline Inserted
17:02:18.356 [TestNG] INFO  Resources.base - Post approve  message verified
17:02:18.658 [TestNG] INFO  Resources.base - Sub  Headline Inserted
17:02:19.180 [TestNG] INFO  Resources.base - First name has been entered
17:02:20.396 [TestNG] INFO  Resources.base - choice for link  is :2
17:02:21.926 [TestNG] INFO  Resources.base - Last name has been entered
17:02:23.972 [TestNG] INFO  Resources.base - toast Message Verified
17:02:23.972 [TestNG] INFO  Resources.base - Save Button has been clicked 
17:02:23.975 [TestNG] INFO  Resources.base - Intiating Method :' updateUsername with user name of >90 charecters '
17:02:23.976 [TestNG] INFO  Resources.base - Dataset choice has been fetched
17:02:24.252 [TestNG] INFO  Resources.base -  Post description is inserted 
17:02:24.658 [TestNG] INFO  Resources.base - tag is inserted 
17:02:24.865 [TestNG] INFO  Resources.base - Navigated to Url 
17:02:24.869 [TestNG] INFO  Resources.base - Driver For Login Page is initialized
17:02:24.869 [TestNG] INFO  Resources.base - Dataset choice has been fetched
17:02:25.091 [TestNG] INFO  Resources.base - Username entered as  hs001
17:02:25.469 [TestNG] INFO  Resources.base - password  entered as  1234567
17:02:25.602 [TestNG] INFO  Resources.base - Clicked on login
17:02:26.094 [TestNG] INFO  Resources.base - Entered Username
17:02:26.316 [TestNG] INFO  Resources.base - Entered Password
17:02:26.469 [TestNG] INFO  Resources.base - Clicked on Login Button
17:02:26.519 [TestNG] INFO  Resources.base - First name has been entered as:HarryHarryHarryHarryHarryHarryHarryHarryHarryHarryHarryHarryHarryHarryHarryHarryHarryHarryHarry
17:02:26.606 [TestNG] INFO  Resources.base - Navigated to correct url ie. https://dev-adityabirla.emcollab.com/#
17:02:26.606 [TestNG] INFO  Resources.base - Error Message matched 
17:02:26.606 [TestNG] INFO  Resources.base - Toast message Verified
17:02:27.150 [TestNG] INFO  Resources.base - Submit Button clicked 
17:02:28.191 [TestNG] INFO  Resources.base - close dialog button clicked 
17:02:28.410 [TestNG] INFO  Resources.base - Last name has been entered as:SahaniSahaniSahaniSahaniSahaniSahaniSahaniSahaniSahaniSahaniSahaniSahaniSahaniSahaniSahaniSahani
17:02:29.235 [TestNG] INFO  Resources.base - Save Button is disabled 
17:02:32.004 [TestNG] INFO  Resources.base - Post Headline Matched
17:02:32.055 [TestNG] INFO  Resources.base - toast Message Verified
17:02:32.056 [TestNG] INFO  Resources.base - Save Button has been clicked 
17:02:32.058 [TestNG] INFO  Resources.base - Intiating Method :' updateUsername with null charecters '
17:02:32.058 [TestNG] INFO  Resources.base - Dataset choice has been fetched
17:02:32.141 [TestNG] INFO  Resources.base - Post description Matched
17:02:32.183 [TestNG] INFO  Resources.base - Post Category Matched
17:02:32.220 [TestNG] INFO  Resources.base - Post Updated On Date is matched 
17:02:32.223 [TestNG] INFO  Resources.base - Initiating Method :' CreatelearningPostwithYoutubeLink '
17:02:33.246 [TestNG] INFO  Resources.base - First name has been entered as:
17:02:33.387 [TestNG] INFO  Resources.base - Last name has been entered as:
17:02:33.604 [TestNG] INFO  Resources.base - Save Button is disabled 
17:02:34.493 [TestNG] INFO  Resources.base - toast Message Verified
17:02:34.494 [TestNG] INFO  Resources.base - Save Button has been clicked 
17:02:34.497 [TestNG] INFO  Resources.base - Intiating Method :' updateUsername with special case charecters charecters '
17:02:34.497 [TestNG] INFO  Resources.base - Dataset choice has been fetched
17:02:35.911 [TestNG] INFO  Resources.base - Post Headline Inserted
17:02:36.057 [TestNG] INFO  Resources.base - First name has been entered as:@#$%^
17:02:36.430 [TestNG] INFO  Resources.base - Last name has been entered as:@#$%^
17:02:36.626 [TestNG] ERROR Resources.base - Error Occurred while Submitting a respone for Declining a post 
17:02:36.837 [TestNG] INFO  Resources.base - Save Button is disabled 
17:02:36.837 [TestNG] INFO  Resources.base - FirstName and Last name do not support special charecters in respective fields
17:02:37.482 [TestNG] INFO  Resources.base - closing browser
17:02:37.655 [TestNG] INFO  Resources.base - Sub  Headline Inserted
17:02:37.923 [TestNG] INFO  Resources.base - toast Message Verified
17:02:37.923 [TestNG] INFO  Resources.base - Save Button has been clicked 
17:02:37.926 [TestNG] INFO  Resources.base - Intiating Method :' updateWelcomeMessage '
17:02:39.451 [TestNG] INFO  Resources.base - choice for link  is :11
17:02:39.854 [TestNG] INFO  Resources.base - Youtube Submit button clicked
17:02:40.526 [TestNG] INFO  Resources.base - toast Message Verified
17:02:40.526 [TestNG] INFO  Resources.base - My Healine message entered
17:02:41.796 [TestNG] INFO  Resources.base - toast Message Verified
17:02:42.343 [TestNG] INFO  Resources.base -  Post description is inserted 
17:02:42.541 [TestNG] INFO  Resources.base - tag is inserted 
17:02:42.802 [TestNG] INFO  Resources.base - Intiating Method :' validateCalender '
17:02:44.461 [TestNG] INFO  Resources.base - For Calender Year and Month are choosen
17:02:44.697 [TestNG] INFO  Resources.base - For Calender date is choosen
17:02:44.826 [TestNG] INFO  Resources.base - toast Message Verified
17:02:44.829 [TestNG] INFO  Resources.base - Intiating Method :' validateEmailField '
17:02:44.876 [TestNG] INFO  Resources.base - Submit Button clicked 
17:02:45.006 [TestNG] INFO  Resources.base - Email field is non-editable
17:02:45.149 [TestNG] INFO  Resources.base - closing browser
17:02:45.742 [TestNG] INFO  Resources.base - close dialog button clicked 
17:02:47.531 [TestNG] INFO  Resources.base - Post Headline Matched
17:02:47.591 [TestNG] INFO  Resources.base - Post description Matched
17:02:47.621 [TestNG] INFO  Resources.base - Post Category Matched
17:02:47.647 [TestNG] INFO  Resources.base - Post Updated On Date is matched 
17:02:47.651 [TestNG] INFO  Resources.base - Initiating Method :' EditDraft '
17:02:47.685 [TestNG] INFO  Resources.base - User is on My space Page 
17:02:48.394 [TestNG] INFO  Resources.base - First Post headline is : 2021/07/29 17:01:59 This is Content saved after creating the draft which is present is my spaces section of dev build..
17:02:48.425 [TestNG] INFO  Resources.base - First Post Description is : 2021/07/29 17:02:04content changed for draft : this is a post description body, data entered here is
17:02:48.450 [TestNG] INFO  Resources.base - First Post Updated on : 29 July 2021
17:02:50.634 [TestNG] INFO  Resources.base - Post Headline Inserted
17:02:51.000 [TestNG] INFO  Resources.base - Sub  Headline Inserted
17:02:52.951 [TestNG] INFO  Resources.base -  Post description is inserted 
17:02:53.640 [TestNG] INFO  Resources.base - tag is inserted 
17:02:55.807 [TestNG] INFO  Resources.base - Save Draft button clicked
17:02:57.146 [TestNG] INFO  Resources.base - Save message verified
17:02:57.235 [TestNG] INFO  Resources.base - Post creation date matched 
17:02:57.258 [TestNG] INFO  Resources.base - Post description matched 
17:02:57.284 [TestNG] ERROR Resources.base - Error occured while fetching content of draft
java.lang.StringIndexOutOfBoundsException: begin 0, end 120, length 119
	at java.lang.String.checkBoundsBeginEnd(String.java:3734) ~[?:?]
	at java.lang.String.substring(String.java:1903) ~[?:?]
	at encollab.CreatePost.EditDraft(CreatePost.java:860) [test-classes/:?]
	at jdk.internal.reflect.NativeMethodAccessorImpl.invoke0(Native Method) ~[?:?]
	at jdk.internal.reflect.NativeMethodAccessorImpl.invoke(NativeMethodAccessorImpl.java:64) ~[?:?]
	at jdk.internal.reflect.DelegatingMethodAccessorImpl.invoke(DelegatingMethodAccessorImpl.java:43) ~[?:?]
	at java.lang.reflect.Method.invoke(Method.java:564) ~[?:?]
	at org.testng.internal.MethodInvocationHelper.invokeMethod(MethodInvocationHelper.java:80) [testng-6.8.jar:?]
	at org.testng.internal.Invoker.invokeMethod(Invoker.java:714) [testng-6.8.jar:?]
	at org.testng.internal.Invoker.invokeTestMethod(Invoker.java:901) [testng-6.8.jar:?]
	at org.testng.internal.Invoker.invokeTestMethods(Invoker.java:1231) [testng-6.8.jar:?]
	at org.testng.internal.TestMethodWorker.invokeTestMethods(TestMethodWorker.java:127) [testng-6.8.jar:?]
	at org.testng.internal.TestMethodWorker.run(TestMethodWorker.java:111) [testng-6.8.jar:?]
	at org.testng.TestRunner.privateRun(TestRunner.java:767) [testng-6.8.jar:?]
	at org.testng.TestRunner.run(TestRunner.java:617) [testng-6.8.jar:?]
	at org.testng.SuiteRunner.runTest(SuiteRunner.java:334) [testng-6.8.jar:?]
	at org.testng.SuiteRunner.access$000(SuiteRunner.java:37) [testng-6.8.jar:?]
	at org.testng.SuiteRunner$SuiteWorker.run(SuiteRunner.java:368) [testng-6.8.jar:?]
	at org.testng.internal.thread.ThreadUtil$2.call(ThreadUtil.java:64) [testng-6.8.jar:?]
	at java.util.concurrent.FutureTask.run(FutureTask.java:264) [?:?]
	at java.util.concurrent.ThreadPoolExecutor.runWorker(ThreadPoolExecutor.java:1130) [?:?]
	at java.util.concurrent.ThreadPoolExecutor$Worker.run(ThreadPoolExecutor.java:630) [?:?]
	at java.lang.Thread.run(Thread.java:832) [?:?]
17:02:57.286 [TestNG] INFO  Resources.base - Initiating Method :' DeclineDraft '
17:02:57.291 [TestNG] INFO  Resources.base - User is on My space Page 
17:02:59.333 [TestNG] INFO  Resources.base - closing browser
09:44:42.709 [TestNG] INFO  Resources.base - Intiating Method :' loginPageTestCredentials : with correct user credentials '
13:36:26.276 [TestNG] INFO  Resources.base - Driver is initialized
13:36:26.453 [TestNG] INFO  Resources.base - Window is maximised
13:36:33.692 [TestNG] INFO  Resources.base - Navigated to Url 
13:36:33.701 [TestNG] INFO  Resources.base - Driver For MyProfile Page is initialized
13:36:33.949 [TestNG] INFO  Resources.base - Entered Username
13:36:34.062 [TestNG] INFO  Resources.base - Entered Password
13:36:34.165 [TestNG] INFO  Resources.base - Clicked on Login Button
13:36:34.216 [TestNG] INFO  Resources.base - Initiating Method :' validateNewUser '
13:36:38.421 [TestNG] INFO  Resources.base - clicked on checkbox
13:36:38.504 [TestNG] INFO  Resources.base - clicked on Agree button 
13:36:38.504 [TestNG] INFO  Resources.base - Entered complete Profile Page
13:36:39.663 [TestNG] INFO  Resources.base - First name has been entered
13:36:39.813 [TestNG] INFO  Resources.base - Last name has been entered
13:36:39.904 [TestNG] INFO  Resources.base - Clicked on female radio button
13:36:40.996 [TestNG] INFO  Resources.base - Clicked on female radio button
13:36:41.031 [TestNG] INFO  Resources.base - Email field is non-editable
13:36:42.462 [TestNG] INFO  Resources.base - For Calender Year and Month are choosen
13:36:42.722 [TestNG] INFO  Resources.base - For Calender date is choosen
13:36:42.724 [TestNG] INFO  Resources.base - Selecting organisation at option number :2
13:36:42.923 [TestNG] INFO  Resources.base - Organisation name clicked
13:36:42.923 [TestNG] INFO  Resources.base - Selecting Job Function at option number :11
13:36:43.738 [TestNG] INFO  Resources.base -  Country as : 'India ' is selected 
13:36:47.002 [TestNG] INFO  Resources.base -  'Uttar Pradesh' as a state is selected
13:36:48.018 [TestNG] INFO  Resources.base - Selecting city at option number :263
13:36:50.384 [TestNG] INFO  Resources.base -  City as : ' Harraiya ' is selected
13:36:50.384 [TestNG] INFO  Resources.base - Selecting country code at option number :98
13:36:50.965 [TestNG] INFO  Resources.base -  Country code for India Selected 
13:36:52.689 [TestNG] INFO  Resources.base - Mobile Number is Updated as: ' 3995926503  '
13:36:53.430 [TestNG] INFO  Resources.base - My Healine message entered
13:36:56.022 [TestNG] INFO  Resources.base - toast Message Verified
13:36:56.290 [TestNG] INFO  Resources.base - Tour Exited
13:36:57.405 [TestNG] INFO  Resources.base - clicked on MyProfile Logo
13:36:57.532 [TestNG] INFO  Resources.base - clicked on Logout Button
13:36:57.537 [TestNG] INFO  Resources.base - Login Url matches after Logout 
13:37:00.407 [TestNG] INFO  Resources.base - closing browser
13:50:13.278 [TestNG] INFO  Resources.base - Driver is initialized
13:50:13.427 [TestNG] INFO  Resources.base - Window is maximised
13:50:19.316 [TestNG] INFO  Resources.base - Navigated to Url 
13:50:19.325 [TestNG] INFO  Resources.base - Driver For MyProfile Page is initialized
13:50:19.540 [TestNG] INFO  Resources.base - Entered Username
13:50:19.661 [TestNG] INFO  Resources.base - Entered Password
13:50:19.750 [TestNG] INFO  Resources.base - Clicked on Login Button
13:50:19.793 [TestNG] INFO  Resources.base - Initiating Method :' validateNewUser '
13:50:21.812 [TestNG] INFO  Resources.base - Entered complete Profile Page
13:50:22.149 [TestNG] INFO  Resources.base - First name has been entered
13:50:22.335 [TestNG] INFO  Resources.base - Last name has been entered
13:50:22.434 [TestNG] INFO  Resources.base - Clicked on female radio button
13:50:24.517 [TestNG] INFO  Resources.base - Clicked on female radio button
13:50:24.563 [TestNG] INFO  Resources.base - Email field is non-editable
13:50:26.002 [TestNG] INFO  Resources.base - For Calender Year and Month are choosen
13:50:26.236 [TestNG] INFO  Resources.base - For Calender date is choosen
13:50:26.237 [TestNG] INFO  Resources.base - Selecting organisation at option number :16
13:50:26.460 [TestNG] INFO  Resources.base - Organisation name clicked
13:50:26.460 [TestNG] INFO  Resources.base - Selecting Job Function at option number :10
13:50:27.407 [TestNG] INFO  Resources.base -  Country as : 'India ' is selected 
13:50:30.673 [TestNG] INFO  Resources.base -  'Uttar Pradesh' as a state is selected
13:50:31.687 [TestNG] INFO  Resources.base - Selecting city at option number :473
13:50:34.976 [TestNG] INFO  Resources.base -  City as : ' Nainana Jat ' is selected
13:50:34.976 [TestNG] INFO  Resources.base - Selecting country code at option number :98
13:50:35.559 [TestNG] INFO  Resources.base -  Country code for India Selected 
13:50:37.250 [TestNG] INFO  Resources.base - Mobile Number is Updated as: ' 1180318041  '
13:50:37.982 [TestNG] INFO  Resources.base - My Healine message entered
13:50:39.955 [TestNG] INFO  Resources.base - toast Message Verified
13:50:40.404 [TestNG] INFO  Resources.base - Tour Exited
13:50:41.524 [TestNG] INFO  Resources.base - clicked on MyProfile Logo
13:50:41.645 [TestNG] INFO  Resources.base - clicked on Logout Button
13:50:41.653 [TestNG] INFO  Resources.base - Login Url matches after Logout 
13:50:43.898 [TestNG] INFO  Resources.base - Entered Username
13:50:44.002 [TestNG] INFO  Resources.base - Entered Password
13:50:44.087 [TestNG] INFO  Resources.base - Clicked on Login Button
13:50:46.217 [TestNG] INFO  Resources.base - clicked on checkbox
13:50:46.293 [TestNG] INFO  Resources.base - clicked on Agree button 
13:50:46.294 [TestNG] INFO  Resources.base - Entered complete Profile Page
13:50:47.332 [TestNG] INFO  Resources.base - First name has been entered
13:50:47.495 [TestNG] INFO  Resources.base - Last name has been entered
13:50:47.578 [TestNG] INFO  Resources.base - Clicked on female radio button
13:50:48.659 [TestNG] INFO  Resources.base - Clicked on female radio button
13:50:48.683 [TestNG] INFO  Resources.base - Email field is non-editable
13:50:50.027 [TestNG] INFO  Resources.base - For Calender Year and Month are choosen
13:50:50.263 [TestNG] INFO  Resources.base - For Calender date is choosen
13:50:50.263 [TestNG] INFO  Resources.base - Selecting organisation at option number :13
13:50:50.460 [TestNG] INFO  Resources.base - Organisation name clicked
13:50:50.460 [TestNG] INFO  Resources.base - Selecting Job Function at option number :1
13:50:51.277 [TestNG] INFO  Resources.base -  Country as : 'India ' is selected 
13:50:54.548 [TestNG] INFO  Resources.base -  'Uttar Pradesh' as a state is selected
13:50:55.566 [TestNG] INFO  Resources.base - Selecting city at option number :531
13:50:57.843 [TestNG] INFO  Resources.base -  City as : ' Purdil Nagar ' is selected
13:50:57.844 [TestNG] INFO  Resources.base - Selecting country code at option number :98
13:50:58.397 [TestNG] INFO  Resources.base -  Country code for India Selected 
13:51:00.101 [TestNG] INFO  Resources.base - Mobile Number is Updated as: ' 3107038253  '
13:51:00.826 [TestNG] INFO  Resources.base - My Healine message entered
13:51:02.698 [TestNG] INFO  Resources.base - toast Message Verified
13:51:03.836 [TestNG] INFO  Resources.base - Tour Exited
13:51:04.927 [TestNG] INFO  Resources.base - clicked on MyProfile Logo
13:51:05.029 [TestNG] INFO  Resources.base - clicked on Logout Button
13:51:05.035 [TestNG] INFO  Resources.base - Login Url matches after Logout 
13:51:07.769 [TestNG] INFO  Resources.base - closing browser
13:55:13.495 [TestNG] INFO  Resources.base - Driver is initialized
13:55:13.660 [TestNG] INFO  Resources.base - Window is maximised
13:55:19.376 [TestNG] INFO  Resources.base - Navigated to Url 
13:55:19.382 [TestNG] INFO  Resources.base - Driver For MyProfile Page is initialized
13:55:19.637 [TestNG] INFO  Resources.base - Entered Username
13:55:19.742 [TestNG] INFO  Resources.base - Entered Password
13:55:19.855 [TestNG] INFO  Resources.base - Clicked on Login Button
13:55:19.895 [TestNG] INFO  Resources.base - Initiating Method :' validateNewUser '
13:55:24.077 [TestNG] INFO  Resources.base - clicked on checkbox
13:55:24.159 [TestNG] INFO  Resources.base - clicked on Agree button 
13:55:24.160 [TestNG] INFO  Resources.base - Entered complete Profile Page
13:55:25.323 [TestNG] INFO  Resources.base - First name has been entered
13:55:25.512 [TestNG] INFO  Resources.base - Last name has been entered
13:55:25.661 [TestNG] INFO  Resources.base - Clicked on female radio button
13:55:26.740 [TestNG] INFO  Resources.base - Clicked on female radio button
13:55:26.772 [TestNG] INFO  Resources.base - Email field is non-editable
13:55:28.150 [TestNG] INFO  Resources.base - For Calender Year and Month are choosen
13:55:28.410 [TestNG] INFO  Resources.base - For Calender date is choosen
13:55:28.411 [TestNG] INFO  Resources.base - Selecting organisation at option number :0
13:55:28.624 [TestNG] INFO  Resources.base - Organisation name clicked
13:55:28.624 [TestNG] INFO  Resources.base - Selecting Job Function at option number :1
13:55:34.642 [TestNG] INFO  Resources.base -  Country as : 'India ' is selected 
13:55:37.932 [TestNG] INFO  Resources.base -  'Uttar Pradesh' as a state is selected
13:55:38.942 [TestNG] INFO  Resources.base - Selecting city at option number :575
13:55:41.418 [TestNG] INFO  Resources.base -  City as : ' Sahjanwa ' is selected
13:55:41.418 [TestNG] INFO  Resources.base - Selecting country code at option number :98
13:55:41.959 [TestNG] INFO  Resources.base -  Country code for India Selected 
13:55:43.675 [TestNG] INFO  Resources.base - Mobile Number is Updated as: ' 1690484792  '
13:55:44.431 [TestNG] INFO  Resources.base - My Healine message entered
13:55:46.940 [TestNG] INFO  Resources.base - toast Message Verified
13:55:47.182 [TestNG] INFO  Resources.base - Tour Exited
13:55:48.286 [TestNG] INFO  Resources.base - clicked on MyProfile Logo
13:55:48.444 [TestNG] INFO  Resources.base - clicked on Logout Button
13:55:48.450 [TestNG] INFO  Resources.base - Login Url matches after Logout 
13:55:51.973 [TestNG] INFO  Resources.base - closing browser
16:14:51.726 [TestNG] INFO  Resources.base - Driver is initialized
16:14:51.886 [TestNG] INFO  Resources.base - Window is maximised
16:15:00.012 [TestNG] INFO  Resources.base - Navigated to Url 
16:15:00.029 [TestNG] INFO  Resources.base - Driver For MyProfile Page is initialized
16:15:00.236 [TestNG] INFO  Resources.base - Entered Username
16:15:00.342 [TestNG] INFO  Resources.base - Entered Password
16:15:00.432 [TestNG] INFO  Resources.base - Clicked on Login Button
16:15:00.482 [TestNG] INFO  Resources.base - Initiating Method :' validateNewUser1 '
16:15:02.732 [TestNG] INFO  Resources.base - clicked on checkbox
16:15:03.342 [TestNG] INFO  Resources.base - Entered complete Profile Page
16:15:03.950 [TestNG] INFO  Resources.base - First name has been entered
16:15:04.112 [TestNG] INFO  Resources.base - Last name has been entered
16:15:04.203 [TestNG] INFO  Resources.base - Clicked on female radio button
16:15:04.253 [TestNG] INFO  Resources.base - Email field is non-editable
16:15:05.694 [TestNG] INFO  Resources.base - For Calender Year and Month are choosen
16:15:05.966 [TestNG] INFO  Resources.base - For Calender date is choosen
16:15:05.967 [TestNG] INFO  Resources.base - Selecting organisation at option number :8
16:15:06.169 [TestNG] INFO  Resources.base - Organisation name clicked
16:15:06.169 [TestNG] INFO  Resources.base - Selecting Job Function at option number :14
16:15:07.095 [TestNG] INFO  Resources.base -  Country as : 'India ' is selected 
16:15:10.353 [TestNG] INFO  Resources.base -  'Uttar Pradesh' as a state is selected
16:15:11.366 [TestNG] INFO  Resources.base - Selecting city at option number :598
16:15:14.800 [TestNG] INFO  Resources.base -  City as : ' Satrikh ' is selected
16:15:14.801 [TestNG] INFO  Resources.base - Selecting country code at option number :98
16:15:15.359 [TestNG] INFO  Resources.base -  Country code for India Selected 
16:15:16.138 [TestNG] INFO  Resources.base - Mobile Number is Updated as: ' 2953284821  '
16:15:16.908 [TestNG] INFO  Resources.base - My Healine message entered
16:15:18.524 [TestNG] ERROR Resources.base - Error occured while CompleteProfile Page is loaded 
org.openqa.selenium.ElementClickInterceptedException: element click intercepted: Element <button class="btn btn-action" type="submit" ng-disabled="user.$invalid" ng-click="updateUser(1)" disabled="disabled">...</button> is not clickable at point (168, 595). Other element would receive the click: <div class="form-group col-md-12 col-sm-12 col-xs-12 xs-text-center" id="saveBlock">...</div>
  (Session info: chrome=92.0.4515.107)
Build info: version: '3.141.59', revision: 'e82be7d358', time: '2018-11-14T08:17:03'
System info: host: 'harshits-MacBook-Air.local', ip: 'fe80:0:0:0:854:8da6:493:31d8%en0', os.name: 'Mac OS X', os.arch: 'x86_64', os.version: '10.16', java.version: '15.0.2'
Driver info: org.openqa.selenium.chrome.ChromeDriver
Capabilities {acceptInsecureCerts: false, browserName: chrome, browserVersion: 92.0.4515.107, chrome: {chromedriverVersion: 91.0.4472.19 (1bf021f248676..., userDataDir: /var/folders/mf/5d0879117zv...}, goog:chromeOptions: {debuggerAddress: localhost:61637}, javascriptEnabled: true, networkConnectionEnabled: false, pageLoadStrategy: normal, platform: MAC, platformName: MAC, proxy: Proxy(), setWindowRect: true, strictFileInteractability: false, timeouts: {implicit: 0, pageLoad: 300000, script: 30000}, unhandledPromptBehavior: dismiss and notify, webauthn:extension:largeBlob: true, webauthn:virtualAuthenticators: true}
Session ID: 3978d21d62c125a9727f5f33c59a9468
	at jdk.internal.reflect.NativeConstructorAccessorImpl.newInstance0(Native Method) ~[?:?]
	at jdk.internal.reflect.NativeConstructorAccessorImpl.newInstance(NativeConstructorAccessorImpl.java:64) ~[?:?]
	at jdk.internal.reflect.DelegatingConstructorAccessorImpl.newInstance(DelegatingConstructorAccessorImpl.java:45) ~[?:?]
	at java.lang.reflect.Constructor.newInstanceWithCaller(Constructor.java:500) ~[?:?]
	at java.lang.reflect.Constructor.newInstance(Constructor.java:481) ~[?:?]
	at org.openqa.selenium.remote.http.W3CHttpResponseCodec.createException(W3CHttpResponseCodec.java:187) ~[selenium-remote-driver-3.141.59.jar:?]
	at org.openqa.selenium.remote.http.W3CHttpResponseCodec.decode(W3CHttpResponseCodec.java:122) ~[selenium-remote-driver-3.141.59.jar:?]
	at org.openqa.selenium.remote.http.W3CHttpResponseCodec.decode(W3CHttpResponseCodec.java:49) ~[selenium-remote-driver-3.141.59.jar:?]
	at org.openqa.selenium.remote.HttpCommandExecutor.execute(HttpCommandExecutor.java:158) ~[selenium-remote-driver-3.141.59.jar:?]
	at org.openqa.selenium.remote.service.DriverCommandExecutor.execute(DriverCommandExecutor.java:83) ~[selenium-remote-driver-3.141.59.jar:?]
	at org.openqa.selenium.remote.RemoteWebDriver.execute(RemoteWebDriver.java:552) ~[selenium-remote-driver-3.141.59.jar:?]
	at org.openqa.selenium.remote.RemoteWebElement.execute(RemoteWebElement.java:285) ~[selenium-remote-driver-3.141.59.jar:?]
	at org.openqa.selenium.remote.RemoteWebElement.click(RemoteWebElement.java:84) ~[selenium-remote-driver-3.141.59.jar:?]
	at encollab.Dummycode.saveButton(Dummycode.java:386) ~[test-classes/:?]
	at encollab.Dummycode.validateNewUser1(Dummycode.java:616) [test-classes/:?]
	at jdk.internal.reflect.NativeMethodAccessorImpl.invoke0(Native Method) ~[?:?]
	at jdk.internal.reflect.NativeMethodAccessorImpl.invoke(NativeMethodAccessorImpl.java:64) ~[?:?]
	at jdk.internal.reflect.DelegatingMethodAccessorImpl.invoke(DelegatingMethodAccessorImpl.java:43) ~[?:?]
	at java.lang.reflect.Method.invoke(Method.java:564) ~[?:?]
	at org.testng.internal.MethodInvocationHelper.invokeMethod(MethodInvocationHelper.java:80) [testng-6.8.jar:?]
	at org.testng.internal.Invoker.invokeMethod(Invoker.java:714) [testng-6.8.jar:?]
	at org.testng.internal.Invoker.invokeTestMethod(Invoker.java:901) [testng-6.8.jar:?]
	at org.testng.internal.Invoker.invokeTestMethods(Invoker.java:1231) [testng-6.8.jar:?]
	at org.testng.internal.TestMethodWorker.invokeTestMethods(TestMethodWorker.java:127) [testng-6.8.jar:?]
	at org.testng.internal.TestMethodWorker.run(TestMethodWorker.java:111) [testng-6.8.jar:?]
	at org.testng.TestRunner.privateRun(TestRunner.java:767) [testng-6.8.jar:?]
	at org.testng.TestRunner.run(TestRunner.java:617) [testng-6.8.jar:?]
	at org.testng.SuiteRunner.runTest(SuiteRunner.java:334) [testng-6.8.jar:?]
	at org.testng.SuiteRunner.access$000(SuiteRunner.java:37) [testng-6.8.jar:?]
	at org.testng.SuiteRunner$SuiteWorker.run(SuiteRunner.java:368) [testng-6.8.jar:?]
	at org.testng.internal.thread.ThreadUtil$2.call(ThreadUtil.java:64) [testng-6.8.jar:?]
	at java.util.concurrent.FutureTask.run(FutureTask.java:264) [?:?]
	at java.util.concurrent.ThreadPoolExecutor.runWorker(ThreadPoolExecutor.java:1130) [?:?]
	at java.util.concurrent.ThreadPoolExecutor$Worker.run(ThreadPoolExecutor.java:630) [?:?]
	at java.lang.Thread.run(Thread.java:832) [?:?]
16:15:18.836 [TestNG] INFO  Resources.base - closing browser
16:16:33.549 [TestNG] INFO  Resources.base - Driver is initialized
16:16:33.700 [TestNG] INFO  Resources.base - Window is maximised
16:16:39.048 [TestNG] INFO  Resources.base - Navigated to Url 
16:16:39.067 [TestNG] INFO  Resources.base - Driver For MyProfile Page is initialized
16:16:40.077 [TestNG] INFO  Resources.base - Entered Username
16:16:40.185 [TestNG] INFO  Resources.base - Entered Password
16:16:40.264 [TestNG] INFO  Resources.base - Clicked on Login Button
16:16:40.297 [TestNG] INFO  Resources.base - Initiating Method :' validateNewUser1 '
16:16:42.329 [TestNG] INFO  Resources.base - Entered complete Profile Page
16:16:42.674 [TestNG] INFO  Resources.base - First name has been entered
16:16:42.858 [TestNG] INFO  Resources.base - Last name has been entered
16:16:42.943 [TestNG] INFO  Resources.base - Clicked on female radio button
16:16:42.983 [TestNG] INFO  Resources.base - Email field is non-editable
16:16:44.368 [TestNG] INFO  Resources.base - For Calender Year and Month are choosen
16:16:44.597 [TestNG] INFO  Resources.base - For Calender date is choosen
16:16:44.598 [TestNG] INFO  Resources.base - Selecting organisation at option number :11
16:16:44.795 [TestNG] INFO  Resources.base - Organisation name clicked
16:16:44.796 [TestNG] INFO  Resources.base - Selecting Job Function at option number :4
16:16:45.672 [TestNG] INFO  Resources.base -  Country as : 'India ' is selected 
16:16:48.964 [TestNG] INFO  Resources.base -  'Uttar Pradesh' as a state is selected
16:16:49.979 [TestNG] INFO  Resources.base - Selecting city at option number :433
16:16:53.250 [TestNG] INFO  Resources.base -  City as : ' Mau ' is selected
16:16:53.250 [TestNG] INFO  Resources.base - Selecting country code at option number :98
16:16:53.792 [TestNG] INFO  Resources.base -  Country code for India Selected 
16:16:54.533 [TestNG] INFO  Resources.base - Mobile Number is Updated as: ' 2467059865  '
16:16:55.241 [TestNG] INFO  Resources.base - My Healine message entered
16:16:57.212 [TestNG] INFO  Resources.base - toast Message Verified
16:16:57.616 [TestNG] INFO  Resources.base - Tour Exited
16:16:58.747 [TestNG] INFO  Resources.base - clicked on MyProfile Logo
16:16:58.888 [TestNG] INFO  Resources.base - clicked on Logout Button
16:16:58.893 [TestNG] INFO  Resources.base - Login Url matches after Logout 
16:17:01.097 [TestNG] INFO  Resources.base - Test Case is successfully executed
16:50:01.721 [TestNG] INFO  Resources.base - Driver is initialized
16:50:01.871 [TestNG] INFO  Resources.base - Window is maximised
16:50:10.544 [TestNG] INFO  Resources.base - Navigated to Url 
16:50:10.552 [TestNG] INFO  Resources.base - Driver For MyProfile Page is initialized
16:50:10.781 [TestNG] INFO  Resources.base - Entered Username
16:50:10.889 [TestNG] INFO  Resources.base - Entered Password
16:50:10.974 [TestNG] INFO  Resources.base - Clicked on Login Button
16:50:11.029 [TestNG] INFO  Resources.base - Initiating Method :' validateNewUser1 '
16:50:13.074 [TestNG] INFO  Resources.base - Entered complete Profile Page
16:50:13.337 [TestNG] INFO  Resources.base - First name has been entered
16:50:13.521 [TestNG] INFO  Resources.base - Last name has been entered
16:50:13.609 [TestNG] INFO  Resources.base - Clicked on female radio button
16:50:13.657 [TestNG] INFO  Resources.base - Email field is non-editable
16:50:15.059 [TestNG] INFO  Resources.base - For Calender Year and Month are choosen
16:50:15.299 [TestNG] INFO  Resources.base - For Calender date is choosen
16:50:15.300 [TestNG] INFO  Resources.base - Selecting organisation at option number :5
16:50:15.503 [TestNG] INFO  Resources.base - Organisation name clicked
16:50:15.504 [TestNG] INFO  Resources.base - Selecting Job Function at option number :5
16:50:16.438 [TestNG] INFO  Resources.base -  Country as : 'India ' is selected 
16:50:19.723 [TestNG] INFO  Resources.base -  'Uttar Pradesh' as a state is selected
16:50:20.739 [TestNG] INFO  Resources.base - Selecting city at option number :672
16:50:24.077 [TestNG] INFO  Resources.base -  City as : ' Umri ' is selected
16:50:24.077 [TestNG] INFO  Resources.base - Selecting country code at option number :98
16:50:24.658 [TestNG] INFO  Resources.base -  Country code for India Selected 
16:50:25.374 [TestNG] INFO  Resources.base - Mobile Number is Updated as: ' 1652759921  '
16:50:26.122 [TestNG] INFO  Resources.base - My Healine message entered
16:50:28.080 [TestNG] INFO  Resources.base - toast Message Verified
16:50:28.477 [TestNG] INFO  Resources.base - Tour Exited
16:50:29.611 [TestNG] INFO  Resources.base - clicked on MyProfile Logo
16:50:29.742 [TestNG] INFO  Resources.base - clicked on Logout Button
16:50:29.748 [TestNG] INFO  Resources.base - Login Url matches after Logout 
16:50:31.914 [TestNG] INFO  Resources.base - Test Case is successfully executed
16:50:32.079 [TestNG] INFO  Resources.base - closing browser
16:53:32.963 [TestNG] INFO  Resources.base - Driver is initialized
16:53:33.151 [TestNG] INFO  Resources.base - Window is maximised
16:53:39.040 [TestNG] INFO  Resources.base - Navigated to Url 
16:53:39.047 [TestNG] INFO  Resources.base - Driver For MyProfile Page is initialized
16:53:39.256 [TestNG] INFO  Resources.base - Entered Username
16:53:39.360 [TestNG] INFO  Resources.base - Entered Password
16:53:39.445 [TestNG] INFO  Resources.base - Clicked on Login Button
16:53:39.486 [TestNG] INFO  Resources.base - Initiating Method :' validateNewUser1 '
16:53:42.673 [TestNG] INFO  Resources.base - clicked on MyProfile Logo
16:53:42.817 [TestNG] INFO  Resources.base - clicked on Logout Button
16:53:42.827 [TestNG] INFO  Resources.base - Login Url matches after Logout 
16:53:45.644 [TestNG] INFO  Resources.base - Entered Username
16:53:45.744 [TestNG] INFO  Resources.base - Entered Password
16:53:45.829 [TestNG] INFO  Resources.base - Clicked on Login Button
16:53:47.652 [TestNG] INFO  Resources.base - clicked on checkbox
16:53:48.268 [TestNG] INFO  Resources.base - Entered complete Profile Page
16:53:48.820 [TestNG] INFO  Resources.base - First name has been entered
16:53:48.994 [TestNG] INFO  Resources.base - Last name has been entered
16:53:49.090 [TestNG] INFO  Resources.base - Clicked on female radio button
16:53:49.184 [TestNG] INFO  Resources.base - Email field is non-editable
16:53:50.617 [TestNG] INFO  Resources.base - For Calender Year and Month are choosen
16:53:50.887 [TestNG] INFO  Resources.base - For Calender date is choosen
16:53:50.888 [TestNG] INFO  Resources.base - Selecting organisation at option number :1
16:53:51.093 [TestNG] INFO  Resources.base - Organisation name clicked
16:53:51.093 [TestNG] INFO  Resources.base - Selecting Job Function at option number :10
16:53:52.253 [TestNG] INFO  Resources.base -  Country as : 'India ' is selected 
16:53:55.561 [TestNG] INFO  Resources.base -  'Uttar Pradesh' as a state is selected
16:53:56.580 [TestNG] INFO  Resources.base - Selecting city at option number :133
16:54:00.254 [TestNG] INFO  Resources.base -  City as : ' Bisokhar ' is selected
16:54:00.255 [TestNG] INFO  Resources.base - Selecting country code at option number :98
16:54:01.021 [TestNG] INFO  Resources.base -  Country code for India Selected 
16:54:01.743 [TestNG] INFO  Resources.base - Mobile Number is Updated as: ' 3536086688  '
16:54:02.496 [TestNG] INFO  Resources.base - My Healine message entered
16:54:04.147 [TestNG] ERROR Resources.base - Error occured while CompleteProfile Page is loaded 
org.openqa.selenium.ElementClickInterceptedException: element click intercepted: Element <button class="btn btn-action" type="submit" ng-disabled="user.$invalid" ng-click="updateUser(1)" disabled="disabled">...</button> is not clickable at point (168, 595). Other element would receive the click: <div class="form-group col-md-12 col-sm-12 col-xs-12 xs-text-center" id="saveBlock">...</div>
  (Session info: chrome=92.0.4515.107)
Build info: version: '3.141.59', revision: 'e82be7d358', time: '2018-11-14T08:17:03'
System info: host: 'harshits-MacBook-Air.local', ip: 'fe80:0:0:0:854:8da6:493:31d8%en0', os.name: 'Mac OS X', os.arch: 'x86_64', os.version: '10.16', java.version: '15.0.2'
Driver info: org.openqa.selenium.chrome.ChromeDriver
Capabilities {acceptInsecureCerts: false, browserName: chrome, browserVersion: 92.0.4515.107, chrome: {chromedriverVersion: 91.0.4472.19 (1bf021f248676..., userDataDir: /var/folders/mf/5d0879117zv...}, goog:chromeOptions: {debuggerAddress: localhost:61854}, javascriptEnabled: true, networkConnectionEnabled: false, pageLoadStrategy: normal, platform: MAC, platformName: MAC, proxy: Proxy(), setWindowRect: true, strictFileInteractability: false, timeouts: {implicit: 0, pageLoad: 300000, script: 30000}, unhandledPromptBehavior: dismiss and notify, webauthn:extension:largeBlob: true, webauthn:virtualAuthenticators: true}
Session ID: 4bf07d631b9fda8c5157746f79844cdd
	at jdk.internal.reflect.NativeConstructorAccessorImpl.newInstance0(Native Method) ~[?:?]
	at jdk.internal.reflect.NativeConstructorAccessorImpl.newInstance(NativeConstructorAccessorImpl.java:64) ~[?:?]
	at jdk.internal.reflect.DelegatingConstructorAccessorImpl.newInstance(DelegatingConstructorAccessorImpl.java:45) ~[?:?]
	at java.lang.reflect.Constructor.newInstanceWithCaller(Constructor.java:500) ~[?:?]
	at java.lang.reflect.Constructor.newInstance(Constructor.java:481) ~[?:?]
	at org.openqa.selenium.remote.http.W3CHttpResponseCodec.createException(W3CHttpResponseCodec.java:187) ~[selenium-remote-driver-3.141.59.jar:?]
	at org.openqa.selenium.remote.http.W3CHttpResponseCodec.decode(W3CHttpResponseCodec.java:122) ~[selenium-remote-driver-3.141.59.jar:?]
	at org.openqa.selenium.remote.http.W3CHttpResponseCodec.decode(W3CHttpResponseCodec.java:49) ~[selenium-remote-driver-3.141.59.jar:?]
	at org.openqa.selenium.remote.HttpCommandExecutor.execute(HttpCommandExecutor.java:158) ~[selenium-remote-driver-3.141.59.jar:?]
	at org.openqa.selenium.remote.service.DriverCommandExecutor.execute(DriverCommandExecutor.java:83) ~[selenium-remote-driver-3.141.59.jar:?]
	at org.openqa.selenium.remote.RemoteWebDriver.execute(RemoteWebDriver.java:552) ~[selenium-remote-driver-3.141.59.jar:?]
	at org.openqa.selenium.remote.RemoteWebElement.execute(RemoteWebElement.java:285) ~[selenium-remote-driver-3.141.59.jar:?]
	at org.openqa.selenium.remote.RemoteWebElement.click(RemoteWebElement.java:84) ~[selenium-remote-driver-3.141.59.jar:?]
	at encollab.Dummycode.saveButton(Dummycode.java:386) ~[test-classes/:?]
	at encollab.Dummycode.validateNewUser1(Dummycode.java:616) [test-classes/:?]
	at jdk.internal.reflect.NativeMethodAccessorImpl.invoke0(Native Method) ~[?:?]
	at jdk.internal.reflect.NativeMethodAccessorImpl.invoke(NativeMethodAccessorImpl.java:64) ~[?:?]
	at jdk.internal.reflect.DelegatingMethodAccessorImpl.invoke(DelegatingMethodAccessorImpl.java:43) ~[?:?]
	at java.lang.reflect.Method.invoke(Method.java:564) ~[?:?]
	at org.testng.internal.MethodInvocationHelper.invokeMethod(MethodInvocationHelper.java:80) [testng-6.8.jar:?]
	at org.testng.internal.Invoker.invokeMethod(Invoker.java:714) [testng-6.8.jar:?]
	at org.testng.internal.Invoker.invokeTestMethod(Invoker.java:901) [testng-6.8.jar:?]
	at org.testng.internal.Invoker.invokeTestMethods(Invoker.java:1231) [testng-6.8.jar:?]
	at org.testng.internal.TestMethodWorker.invokeTestMethods(TestMethodWorker.java:127) [testng-6.8.jar:?]
	at org.testng.internal.TestMethodWorker.run(TestMethodWorker.java:111) [testng-6.8.jar:?]
	at org.testng.TestRunner.privateRun(TestRunner.java:767) [testng-6.8.jar:?]
	at org.testng.TestRunner.run(TestRunner.java:617) [testng-6.8.jar:?]
	at org.testng.SuiteRunner.runTest(SuiteRunner.java:334) [testng-6.8.jar:?]
	at org.testng.SuiteRunner.access$000(SuiteRunner.java:37) [testng-6.8.jar:?]
	at org.testng.SuiteRunner$SuiteWorker.run(SuiteRunner.java:368) [testng-6.8.jar:?]
	at org.testng.internal.thread.ThreadUtil$2.call(ThreadUtil.java:64) [testng-6.8.jar:?]
	at java.util.concurrent.FutureTask.run(FutureTask.java:264) [?:?]
	at java.util.concurrent.ThreadPoolExecutor.runWorker(ThreadPoolExecutor.java:1130) [?:?]
	at java.util.concurrent.ThreadPoolExecutor$Worker.run(ThreadPoolExecutor.java:630) [?:?]
	at java.lang.Thread.run(Thread.java:832) [?:?]
